#
# A fatal error has been detected by the Java Runtime Environment:
#
#  EXCEPTION_ACCESS_VIOLATION (0xc0000005) at pc=0x00007ff9e3382745, pid=7908, tid=4148
#
# JRE version: OpenJDK Runtime Environment (11.0.2+9) (build 11.0.2+9)
# Java VM: OpenJDK 64-Bit Server VM (11.0.2+9, mixed mode, tiered, compressed oops, g1 gc, windows-amd64)
# Problematic frame:
# C  [librdi_common.dll+0x192745]
#
# No core dump will be written. Minidumps are not enabled by default on client versions of Windows
#
# If you would like to submit a bug report, please visit:
#   http://bugreport.java.com/bugreport/crash.jsp
# The crash happened outside the Java Virtual Machine in native code.
# See problematic frame for where to report the bug.
#

---------------  S U M M A R Y ------------

Command Line: -Dsun.java2d.pmoffscreen=false -Dhttps.protocols=TLSv1,TLSv1.1,TLSv1.2 -Dsun.java2d.xrender=false -Dsun.java2d.d3d=false -Dsun.awt.nopixfmt=true -Dsun.java2d.dpiaware=true -Dsun.java2d.uiScale.enabled=false -Xverify:none -Dswing.aatext=true -XX:-UsePerfData -Djdk.map.althashing.threshold=512 -XX:StringTableSize=4072 --add-opens=java.base/java.nio=ALL-UNNAMED --add-opens=java.desktop/sun.swing=ALL-UNNAMED --add-opens=java.desktop/javax.swing=ALL-UNNAMED --add-opens=java.desktop/javax.swing.tree=ALL-UNNAMED --add-opens=java.desktop/javax.swing.plaf.basic=ALL-UNNAMED --add-opens=java.desktop/javax.swing.plaf.synth=ALL-UNNAMED --add-opens=java.desktop/com.sun.awt=ALL-UNNAMED -XX:NewSize=60m -XX:MaxNewSize=60m -Xms128m -Xmx3072m -Xss5m 

Host: Intel(R) Core(TM) i7-9750H CPU @ 2.60GHz, 2 cores, 3G,  Windows 10 , 64 bit Build 19041 (10.0.19041.928)
Time: Sun May  2 19:46:26 2021 Central Europe Daylight Time elapsed time: 8880 seconds (0d 2h 28m 0s)

---------------  T H R E A D  ---------------

Current thread (0x0000021441c1b000):  JavaThread "AWT-EventQueue-0" [_thread_in_native, id=4148, stack(0x000000bd6fb00000,0x000000bd70000000)]

Stack: [0x000000bd6fb00000,0x000000bd70000000],  sp=0x000000bd6fffaf30,  free space=5099k
Native frames: (J=compiled Java code, j=interpreted, Vv=VM code, C=native code)
C  [librdi_common.dll+0x192745]
C  [librdi_common.dll+0x187998]
C  [librdi_common.dll+0x15073d]
C  0x00007ff9af0a3750
C  0x00007ff9af127ebd
C  0x00007ff9af1300ab
C  0x00007ff9af10159a
C  0x00007ff9af13ea98
C  0x000002142b59edad

Java frames: (J=compiled Java code, j=interpreted, Vv=VM code)
J 23265  ui.views.waveform.waveformi.WVExecutive_getTooltipTextDelayed(J)Ljava/lang/String; (0 bytes) @ 0x000002142b59ed11 [0x000002142b59ecc0+0x0000000000000051]
J 24354 c2 ui.views.waveform.b.a.mouseMoved(Ljava/awt/event/MouseEvent;)V (32 bytes) @ 0x000002142ba953c0 [0x000002142ba95220+0x00000000000001a0]
J 18672 c2 java.awt.AWTEventMulticaster.mouseMoved(Ljava/awt/event/MouseEvent;)V java.desktop@11.0.2 (27 bytes) @ 0x000002142b306874 [0x000002142b3067c0+0x00000000000000b4]
J 25720 c2 javax.swing.JComponent.processMouseMotionEvent(Ljava/awt/event/MouseEvent;)V java.desktop@11.0.2 (46 bytes) @ 0x000002142bc92eb0 [0x000002142bc92de0+0x00000000000000d0]
J 25710 c1 ui.frmwork.b.j.processMouseMotionEvent(Ljava/awt/event/MouseEvent;)V (131 bytes) @ 0x00000214246eeabc [0x00000214246ede00+0x0000000000000cbc]
J 15374 c2 java.awt.Container.processEvent(Ljava/awt/AWTEvent;)V java.desktop@11.0.2 (22 bytes) @ 0x000002142ae9b1d8 [0x000002142ae9b020+0x00000000000001b8]
J 25612 c2 java.awt.Component.dispatchEventImpl(Ljava/awt/AWTEvent;)V java.desktop@11.0.2 (777 bytes) @ 0x000002142bc509d0 [0x000002142bc4f9a0+0x0000000000001030]
J 24093 c2 java.awt.Container.dispatchEventImpl(Ljava/awt/AWTEvent;)V java.desktop@11.0.2 (129 bytes) @ 0x000002142ba069e0 [0x000002142ba06880+0x0000000000000160]
J 23015 c2 java.awt.LightweightDispatcher.retargetMouseEvent(Ljava/awt/Component;ILjava/awt/event/MouseEvent;)V java.desktop@11.0.2 (372 bytes) @ 0x000002142b382c44 [0x000002142b382820+0x0000000000000424]
J 24093 c2 java.awt.Container.dispatchEventImpl(Ljava/awt/AWTEvent;)V java.desktop@11.0.2 (129 bytes) @ 0x000002142ba06f18 [0x000002142ba06880+0x0000000000000698]
J 19646 c2 java.awt.Window.dispatchEventImpl(Ljava/awt/AWTEvent;)V java.desktop@11.0.2 (23 bytes) @ 0x000002142b4e438c [0x000002142b4e4340+0x000000000000004c]
J 17136 c2 java.awt.EventQueue$4.run()Ljava/lang/Object; java.desktop@11.0.2 (5 bytes) @ 0x000002142b0f06d4 [0x000002142b0f0180+0x0000000000000554]
v  ~StubRoutines::call_stub
J 3727  java.security.AccessController.doPrivileged(Ljava/security/PrivilegedAction;Ljava/security/AccessControlContext;)Ljava/lang/Object; java.base@11.0.2 (0 bytes) @ 0x000002142a57df36 [0x000002142a57dec0+0x0000000000000076]
J 19156 c2 java.awt.EventQueue$5.run()Ljava/lang/Object; java.desktop@11.0.2 (5 bytes) @ 0x000002142b3d163c [0x000002142b3d13e0+0x000000000000025c]
v  ~StubRoutines::call_stub
J 3727  java.security.AccessController.doPrivileged(Ljava/security/PrivilegedAction;Ljava/security/AccessControlContext;)Ljava/lang/Object; java.base@11.0.2 (0 bytes) @ 0x000002142a57df36 [0x000002142a57dec0+0x0000000000000076]
J 16320 c2 java.awt.EventQueue.dispatchEvent(Ljava/awt/AWTEvent;)V java.desktop@11.0.2 (80 bytes) @ 0x000002142af783ec [0x000002142af78040+0x00000000000003ac]
J 24606 c2 ui.frmwork.a.d.dispatchEvent(Ljava/awt/AWTEvent;)V (42 bytes) @ 0x000002142b4ca7ac [0x000002142b4ca660+0x000000000000014c]
J 23192 c2 java.awt.EventDispatchThread.pumpOneEventForFilters(I)V java.desktop@11.0.2 (113 bytes) @ 0x000002142b5bb464 [0x000002142b5ba8e0+0x0000000000000b84]
J 22468% c2 java.awt.EventDispatchThread.pumpEventsForFilter(ILjava/awt/Conditional;Ljava/awt/EventFilter;)V java.desktop@11.0.2 (47 bytes) @ 0x000002142b062a7c [0x000002142b062960+0x000000000000011c]
j  java.awt.EventDispatchThread.pumpEventsForHierarchy(ILjava/awt/Conditional;Ljava/awt/Component;)V+11 java.desktop@11.0.2
j  java.awt.EventDispatchThread.pumpEvents(ILjava/awt/Conditional;)V+4 java.desktop@11.0.2
j  java.awt.EventDispatchThread.pumpEvents(Ljava/awt/Conditional;)V+3 java.desktop@11.0.2
j  java.awt.EventDispatchThread.run()V+9 java.desktop@11.0.2
v  ~StubRoutines::call_stub

siginfo: EXCEPTION_ACCESS_VIOLATION (0xc0000005), reading address 0xffffffffffffffff


Register to memory mapping:

RIP=0x00007ff9e3382745 librdi_common.dll
RAX=0x0000021414e68a01 points into unknown readable memory: 73 20 74 68 61 74 20
RBX=0x88013414bef6a450 is an unknown value
RCX=0x0000021414e68ac0 points into unknown readable memory: 80 9b e7 14 14 02 00 00
RDX=0x88013414bef6a450 is an unknown value
RSP=0x000000bd6fffaf30 is pointing into the stack for thread: 0x0000021441c1b000
RBP=0x000000bd6fffb060 is pointing into the stack for thread: 0x0000021441c1b000
RSI=0x00000214516962e0 points into unknown readable memory: b8 e1 2e af f9 7f 00 00
RDI=0x000000bd6fffb2f8 is pointing into the stack for thread: 0x0000021441c1b000
R8 =0x000000bd6fffb178 is pointing into the stack for thread: 0x0000021441c1b000
R9 =0x0 is NULL
R10=0x0000021450cf2248 points into unknown readable memory: 50 53 00 20 28 25 73 29
R11=0x00000214531bcf48 points into unknown readable memory: 50 53 00 00 6b 00 74 00
R12=0x0 is NULL
R13=0x000000bd6fffb178 is pointing into the stack for thread: 0x0000021441c1b000
R14=0x0000021413443420 points into unknown readable memory: 90 6a 48 13 14 02 00 00
R15=0x88013414bef6a450 is an unknown value


Registers:
RAX=0x0000021414e68a01, RBX=0x88013414bef6a450, RCX=0x0000021414e68ac0, RDX=0x88013414bef6a450
RSP=0x000000bd6fffaf30, RBP=0x000000bd6fffb060, RSI=0x00000214516962e0, RDI=0x000000bd6fffb2f8
R8 =0x000000bd6fffb178, R9 =0x0000000000000000, R10=0x0000021450cf2248, R11=0x00000214531bcf48
R12=0x0000000000000000, R13=0x000000bd6fffb178, R14=0x0000021413443420, R15=0x88013414bef6a450
RIP=0x00007ff9e3382745, EFLAGS=0x0000000000010202

Top of Stack: (sp=0x000000bd6fffaf30)
0x000000bd6fffaf30:   00000000000000a8 00007ff900000000
0x000000bd6fffaf40:   000000bd6fffb1c0 88013414bef6a450
0x000000bd6fffaf50:   88013414bef6a450 00007ff9e3377998
0x000000bd6fffaf60:   0000000000000000 0000000000000000
0x000000bd6fffaf70:   0000000000000000 00000214531bcfb8
0x000000bd6fffaf80:   0000000000000000 00007ffa12ebfde6
0x000000bd6fffaf90:   0000000000000000 00000214531bcf68
0x000000bd6fffafa0:   00007ff9e42a2e20 00007ffa0956ab67
0x000000bd6fffafb0:   0000000000000000 00007ff9e3aa7383
0x000000bd6fffafc0:   0000000000000018 00007ff9af0c3712
0x000000bd6fffafd0:   0000000000000000 fffffffffffffffe
0x000000bd6fffafe0:   0000000000000000 00007ffa0956ab9f
0x000000bd6fffaff0:   000000017bae7c80 00000214534507e0
0x000000bd6fffb000:   0000000000000000 00000214531bcf20
0x000000bd6fffb010:   00000214531bcf20 00007ff9e33e24ce
0x000000bd6fffb020:   00000214531bcfb8 00007ff9e33e1908 

Instructions: (pc=0x00007ff9e3382745)
0x00007ff9e3382725:   20 48 8b d9 e8 b2 cc 04 00 48 8b c8 48 8b d3 e8
0x00007ff9e3382735:   27 0f 05 00 84 c0 75 08 33 c0 48 83 c4 20 5b c3
0x00007ff9e3382745:   48 8b 4b 50 48 85 c9 74 0a 48 83 c4 20 5b e9 28
0x00007ff9e3382755:   e9 04 00 48 8b d3 48 8d 0d 66 6a 8f 00 e8 f9 c7 


Stack slot to memory mapping:
stack at sp + 0 slots: 0x00000000000000a8 is an unknown value
stack at sp + 1 slots: 0x00007ff900000000 is an unknown value
stack at sp + 2 slots: 0x000000bd6fffb1c0 is pointing into the stack for thread: 0x0000021441c1b000
stack at sp + 3 slots: 0x88013414bef6a450 is an unknown value
stack at sp + 4 slots: 0x88013414bef6a450 is an unknown value
stack at sp + 5 slots: 0x00007ff9e3377998 librdi_common.dll
stack at sp + 6 slots: 0x0 is NULL
stack at sp + 7 slots: 0x0 is NULL


---------------  P R O C E S S  ---------------

Threads class SMR info:
_java_thread_list=0x000002144fe14660, length=33, elements={
0x0000021433563000, 0x0000021433008800, 0x0000021433009800, 0x0000021418197800,
0x0000021418348800, 0x0000021418349000, 0x0000021433dcc800, 0x0000021433dcd000,
0x00000214350ae800, 0x000002144ff92800, 0x0000021450853000, 0x0000021450856800,
0x00000214509c6800, 0x000002144195d000, 0x0000021441c1b000, 0x0000021441989800,
0x000002144198a000, 0x0000021442dda800, 0x0000021441edd800, 0x0000021441edc000,
0x0000021441ee0800, 0x0000021441edc800, 0x0000021441edf000, 0x000002144d803800,
0x000002144d802800, 0x000002144d806000, 0x000002144d802000, 0x000002144d800800,
0x000002144d807000, 0x000002144d807800, 0x000002144d808800, 0x000002144d804800,
0x000002144d805000
}

Java Threads: ( => current thread )
  0x0000021433563000 JavaThread "main" [_thread_blocked, id=1932, stack(0x000000bd69d00000,0x000000bd69e00000)]
  0x0000021433008800 JavaThread "Reference Handler" daemon [_thread_blocked, id=7064, stack(0x000000bd6bc00000,0x000000bd6c100000)]
  0x0000021433009800 JavaThread "Finalizer" daemon [_thread_blocked, id=2348, stack(0x000000bd6c100000,0x000000bd6c600000)]
  0x0000021418197800 JavaThread "Signal Dispatcher" daemon [_thread_blocked, id=9212, stack(0x000000bd6c600000,0x000000bd6cb00000)]
  0x0000021418348800 JavaThread "Attach Listener" daemon [_thread_blocked, id=2260, stack(0x000000bd6cb00000,0x000000bd6d000000)]
  0x0000021418349000 JavaThread "C2 CompilerThread0" daemon [_thread_blocked, id=6980, stack(0x000000bd6d000000,0x000000bd6d100000)]
  0x0000021433dcc800 JavaThread "C1 CompilerThread0" daemon [_thread_blocked, id=6924, stack(0x000000bd6d100000,0x000000bd6d200000)]
  0x0000021433dcd000 JavaThread "Sweeper thread" daemon [_thread_blocked, id=4752, stack(0x000000bd6d200000,0x000000bd6d700000)]
  0x00000214350ae800 JavaThread "Common-Cleaner" daemon [_thread_blocked, id=816, stack(0x000000bd6d700000,0x000000bd6dc00000)]
  0x000002144ff92800 JavaThread "Service Thread" daemon [_thread_blocked, id=2256, stack(0x000000bd6dc00000,0x000000bd6e100000)]
  0x0000021450853000 JavaThread "Java2D Disposer" daemon [_thread_blocked, id=2092, stack(0x000000bd6e200000,0x000000bd6e700000)]
  0x0000021450856800 JavaThread "AWT-Windows" daemon [_thread_in_native, id=5792, stack(0x000000bd6ec00000,0x000000bd6f100000)]
  0x00000214509c6800 JavaThread "TimerQueue" daemon [_thread_blocked, id=2476, stack(0x000000bd6f100000,0x000000bd6f600000)]
  0x000002144195d000 JavaThread "AWT-Shutdown" [_thread_blocked, id=8488, stack(0x000000bd6e700000,0x000000bd6ec00000)]
=>0x0000021441c1b000 JavaThread "AWT-EventQueue-0" [_thread_in_native, id=4148, stack(0x000000bd6fb00000,0x000000bd70000000)]
  0x0000021441989800 JavaThread "Thread-1" [_thread_in_native, id=8828, stack(0x000000bd69e00000,0x000000bd6b200000)]
  0x000002144198a000 JavaThread "Process Messages Thread" [_thread_blocked, id=1888, stack(0x000000bd70500000,0x000000bd70a00000)]
  0x0000021442dda800 JavaThread "Batik CleanerThread" daemon [_thread_blocked, id=812, stack(0x000000bd70c00000,0x000000bd71100000)]
  0x0000021441edd800 JavaThread "SyntheticaCleanerThread" daemon [_thread_blocked, id=7984, stack(0x000000bd70000000,0x000000bd70500000)]
  0x0000021441edc000 JavaThread "Monitor HEventQueue Thread" [_thread_blocked, id=7500, stack(0x000000bd71100000,0x000000bd71600000)]
  0x0000021441ee0800 JavaThread "SyntheticaAnimation 50" daemon [_thread_blocked, id=2980, stack(0x000000bd71b00000,0x000000bd72000000)]
  0x0000021441edc800 JavaThread "SyntheticaAnimation 25" daemon [_thread_blocked, id=4000, stack(0x000000bd72800000,0x000000bd72d00000)]
  0x0000021441edf000 JavaThread "SyntheticaAnimation 70" daemon [_thread_blocked, id=4512, stack(0x000000bd71600000,0x000000bd71b00000)]
  0x000002144d803800 JavaThread "Refresh Filesets Swing Worker Thread" [_thread_blocked, id=8148, stack(0x000000bd72d00000,0x000000bd73200000)]
  0x000002144d802800 JavaThread "hw_ila_monitor" [_thread_blocked, id=4008, stack(0x000000bd72000000,0x000000bd72500000)]
  0x000002144d806000 JavaThread "pool-1-thread-1" [_thread_blocked, id=5672, stack(0x000000bd73c00000,0x000000bd74100000)]
  0x000002144d802000 JavaThread "pool-2-thread-1" [_thread_blocked, id=8240, stack(0x000000bd74100000,0x000000bd74600000)]
  0x000002144d800800 JavaThread "pool-3-thread-1" [_thread_blocked, id=8848, stack(0x000000bd74600000,0x000000bd74b00000)]
  0x000002144d807000 JavaThread "Update Runs Swing Worker Thread" [_thread_blocked, id=5496, stack(0x000000bd74b00000,0x000000bd75000000)]
  0x000002144d807800 JavaThread "SyntheticaAnimation 50" daemon [_thread_blocked, id=4424, stack(0x000000bd76400000,0x000000bd76900000)]
  0x000002144d808800 JavaThread "Image Animator 0" daemon [_thread_blocked, id=316, stack(0x000000bd6f600000,0x000000bd6fb00000)]
  0x000002144d804800 JavaThread "SyntheticaAnimation 50" daemon [_thread_blocked, id=3480, stack(0x000000bd73300000,0x000000bd73800000)]
  0x000002144d805000 JavaThread "Relaunch Simulation Thread" [_thread_in_native, id=8504, stack(0x000000bd75000000,0x000000bd75500000)]

Other Threads:
  0x00000214361d7000 VMThread "VM Thread" [stack: 0x000000bd6bb00000,0x000000bd6bc00000] [id=6572]
  0x000002144ff93000 WatcherThread [stack: 0x000000bd6e100000,0x000000bd6e200000] [id=5352]
  0x0000021432f2d000 GCTaskThread "GC Thread#0" [stack: 0x000000bd6b600000,0x000000bd6b700000] [id=8440]
  0x0000021441af5800 GCTaskThread "GC Thread#1" [stack: 0x000000bd70a00000,0x000000bd70b00000] [id=3732]
  0x00000214358a2000 ConcurrentGCThread "G1 Main Marker" [stack: 0x000000bd6b700000,0x000000bd6b800000] [id=2736]
  0x000002144f531800 ConcurrentGCThread "G1 Conc#0" [stack: 0x000000bd6b800000,0x000000bd6b900000] [id=3100]
  0x000002144f532000 ConcurrentGCThread "G1 Refine#0" [stack: 0x000000bd6b900000,0x000000bd6ba00000] [id=5208]
  0x0000021450a93000 ConcurrentGCThread "G1 Refine#1" [stack: 0x000000bd70b00000,0x000000bd70c00000] [id=1648]
  0x00000214332eb000 ConcurrentGCThread "G1 Young RemSet Sampling" [stack: 0x000000bd6ba00000,0x000000bd6bb00000] [id=7648]

Threads with active compile tasks:

VM state:not at safepoint (normal execution)

VM Mutex/Monitor currently owned by a thread: None

Heap address: 0x0000000740000000, size: 3072 MB, Compressed Oops mode: Zero based, Oop shift amount: 3
Narrow klass base: 0x0000000800000000, Narrow klass shift: 0
Compressed class space size: 1073741824 Address: 0x0000000800000000

Heap:
 garbage-first heap   total 296960K, used 191047K [0x0000000740000000, 0x0000000800000000)
  region size 1024K, 44 young (45056K), 1 survivors (1024K)
 Metaspace       used 93561K, capacity 94745K, committed 98768K, reserved 1134592K
  class space    used 12080K, capacity 12592K, committed 13952K, reserved 1048576K
Heap Regions: E=young(eden), S=young(survivor), O=old, HS=humongous(starts), HC=humongous(continues), CS=collection set, F=free, A=archive, TAMS=top-at-mark-start (previous, next)
|   0|0x0000000740000000, 0x0000000740100000, 0x0000000740100000|100%|HS|  |TAMS 0x0000000740100000, 0x0000000740000000| Complete 
|   1|0x0000000740100000, 0x0000000740200000, 0x0000000740200000|100%|HC|  |TAMS 0x0000000740200000, 0x0000000740100000| Complete 
|   2|0x0000000740200000, 0x0000000740300000, 0x0000000740300000|100%|HS|  |TAMS 0x0000000740300000, 0x0000000740200000| Complete 
|   3|0x0000000740300000, 0x00000007403ffff0, 0x0000000740400000| 99%| O|  |TAMS 0x00000007403ffff0, 0x0000000740300000| Untracked 
|   4|0x0000000740400000, 0x00000007404ffff0, 0x0000000740500000| 99%| O|  |TAMS 0x00000007404ffff0, 0x0000000740400000| Untracked 
|   5|0x0000000740500000, 0x00000007405dfa58, 0x0000000740600000| 87%| O|  |TAMS 0x00000007405dfa58, 0x0000000740500000| Untracked 
|   6|0x0000000740600000, 0x00000007406fbb68, 0x0000000740700000| 98%| O|  |TAMS 0x00000007406fbb68, 0x0000000740600000| Untracked 
|   7|0x0000000740700000, 0x00000007407ffff0, 0x0000000740800000| 99%| O|  |TAMS 0x00000007407ffff0, 0x0000000740700000| Untracked 
|   8|0x0000000740800000, 0x00000007408fff78, 0x0000000740900000| 99%| O|  |TAMS 0x00000007408fff78, 0x0000000740800000| Untracked 
|   9|0x0000000740900000, 0x00000007409fffd8, 0x0000000740a00000| 99%| O|  |TAMS 0x00000007409fffd8, 0x0000000740900000| Untracked 
|  10|0x0000000740a00000, 0x0000000740affff8, 0x0000000740b00000| 99%| O|  |TAMS 0x0000000740affff8, 0x0000000740a00000| Untracked 
|  11|0x0000000740b00000, 0x0000000740bffff0, 0x0000000740c00000| 99%| O|  |TAMS 0x0000000740bffff0, 0x0000000740b00000| Untracked 
|  12|0x0000000740c00000, 0x0000000740cfffe8, 0x0000000740d00000| 99%| O|  |TAMS 0x0000000740cfffe8, 0x0000000740c00000| Untracked 
|  13|0x0000000740d00000, 0x0000000740dfffe8, 0x0000000740e00000| 99%| O|  |TAMS 0x0000000740dfffe8, 0x0000000740d00000| Untracked 
|  14|0x0000000740e00000, 0x0000000740f00000, 0x0000000740f00000|100%| O|  |TAMS 0x0000000740f00000, 0x0000000740e00000| Untracked 
|  15|0x0000000740f00000, 0x0000000741000000, 0x0000000741000000|100%| O|  |TAMS 0x0000000741000000, 0x0000000740f00000| Untracked 
|  16|0x0000000741000000, 0x00000007410ffff8, 0x0000000741100000| 99%| O|  |TAMS 0x00000007410ffff8, 0x0000000741000000| Untracked 
|  17|0x0000000741100000, 0x0000000741200000, 0x0000000741200000|100%| O|  |TAMS 0x0000000741200000, 0x0000000741100000| Untracked 
|  18|0x0000000741200000, 0x00000007412fffe0, 0x0000000741300000| 99%| O|  |TAMS 0x00000007412fffe0, 0x0000000741200000| Untracked 
|  19|0x0000000741300000, 0x0000000741400000, 0x0000000741400000|100%| O|  |TAMS 0x0000000741400000, 0x0000000741300000| Untracked 
|  20|0x0000000741400000, 0x00000007414fffe8, 0x0000000741500000| 99%| O|  |TAMS 0x00000007414fffe8, 0x0000000741400000| Untracked 
|  21|0x0000000741500000, 0x00000007415ffff8, 0x0000000741600000| 99%| O|  |TAMS 0x00000007415ffff8, 0x0000000741500000| Untracked 
|  22|0x0000000741600000, 0x00000007416f8588, 0x0000000741700000| 97%| O|  |TAMS 0x00000007416f8588, 0x0000000741600000| Untracked 
|  23|0x0000000741700000, 0x0000000741800000, 0x0000000741800000|100%|HS|  |TAMS 0x0000000741800000, 0x0000000741700000| Complete 
|  24|0x0000000741800000, 0x0000000741900000, 0x0000000741900000|100%|HC|  |TAMS 0x0000000741900000, 0x0000000741800000| Complete 
|  25|0x0000000741900000, 0x00000007419ffcc0, 0x0000000741a00000| 99%| O|  |TAMS 0x00000007419ffcc0, 0x0000000741900000| Untracked 
|  26|0x0000000741a00000, 0x0000000741affff8, 0x0000000741b00000| 99%| O|  |TAMS 0x0000000741affff8, 0x0000000741a00000| Untracked 
|  27|0x0000000741b00000, 0x0000000741bff630, 0x0000000741c00000| 99%| O|  |TAMS 0x0000000741bff630, 0x0000000741b00000| Untracked 
|  28|0x0000000741c00000, 0x0000000741cfffe0, 0x0000000741d00000| 99%| O|  |TAMS 0x0000000741cfffe0, 0x0000000741c00000| Untracked 
|  29|0x0000000741d00000, 0x0000000741e00000, 0x0000000741e00000|100%| O|  |TAMS 0x0000000741e00000, 0x0000000741d00000| Untracked 
|  30|0x0000000741e00000, 0x0000000741effff8, 0x0000000741f00000| 99%| O|  |TAMS 0x0000000741effff8, 0x0000000741e00000| Untracked 
|  31|0x0000000741f00000, 0x0000000741fff770, 0x0000000742000000| 99%| O|  |TAMS 0x0000000741fff770, 0x0000000741f00000| Untracked 
|  32|0x0000000742000000, 0x00000007420fffe8, 0x0000000742100000| 99%| O|  |TAMS 0x00000007420fffe8, 0x0000000742000000| Untracked 
|  33|0x0000000742100000, 0x00000007421fffb8, 0x0000000742200000| 99%| O|  |TAMS 0x00000007421fffb8, 0x0000000742100000| Untracked 
|  34|0x0000000742200000, 0x00000007422fff98, 0x0000000742300000| 99%| O|  |TAMS 0x00000007422fff98, 0x0000000742200000| Untracked 
|  35|0x0000000742300000, 0x00000007423ff830, 0x0000000742400000| 99%| O|  |TAMS 0x00000007423ff830, 0x0000000742300000| Untracked 
|  36|0x0000000742400000, 0x00000007424ffff8, 0x0000000742500000| 99%| O|  |TAMS 0x00000007424ffff8, 0x0000000742400000| Untracked 
|  37|0x0000000742500000, 0x0000000742600000, 0x0000000742600000|100%| O|  |TAMS 0x0000000742600000, 0x0000000742500000| Untracked 
|  38|0x0000000742600000, 0x0000000742700000, 0x0000000742700000|100%| O|  |TAMS 0x0000000742700000, 0x0000000742600000| Untracked 
|  39|0x0000000742700000, 0x00000007427ffff8, 0x0000000742800000| 99%| O|  |TAMS 0x00000007427ffff8, 0x0000000742700000| Untracked 
|  40|0x0000000742800000, 0x00000007428ffff8, 0x0000000742900000| 99%| O|  |TAMS 0x00000007428ffff8, 0x0000000742800000| Untracked 
|  41|0x0000000742900000, 0x00000007429ffff8, 0x0000000742a00000| 99%| O|  |TAMS 0x00000007429ffff8, 0x0000000742900000| Untracked 
|  42|0x0000000742a00000, 0x0000000742afed60, 0x0000000742b00000| 99%| O|  |TAMS 0x0000000742afed60, 0x0000000742a00000| Untracked 
|  43|0x0000000742b00000, 0x0000000742bffff8, 0x0000000742c00000| 99%| O|  |TAMS 0x0000000742bffff8, 0x0000000742b00000| Untracked 
|  44|0x0000000742c00000, 0x0000000742d00000, 0x0000000742d00000|100%| O|  |TAMS 0x0000000742d00000, 0x0000000742c00000| Untracked 
|  45|0x0000000742d00000, 0x0000000742dffff0, 0x0000000742e00000| 99%| O|  |TAMS 0x0000000742dffff0, 0x0000000742d00000| Untracked 
|  46|0x0000000742e00000, 0x0000000742effff0, 0x0000000742f00000| 99%| O|  |TAMS 0x0000000742effff0, 0x0000000742e00000| Untracked 
|  47|0x0000000742f00000, 0x0000000742fffbe0, 0x0000000743000000| 99%| O|  |TAMS 0x0000000742fffbe0, 0x0000000742f00000| Untracked 
|  48|0x0000000743000000, 0x00000007430fffc8, 0x0000000743100000| 99%| O|  |TAMS 0x00000007430fffc8, 0x0000000743000000| Untracked 
|  49|0x0000000743100000, 0x0000000743200000, 0x0000000743200000|100%|HS|  |TAMS 0x0000000743200000, 0x0000000743100000| Complete 
|  50|0x0000000743200000, 0x00000007432fffe0, 0x0000000743300000| 99%| O|  |TAMS 0x00000007432fffe0, 0x0000000743200000| Untracked 
|  51|0x0000000743300000, 0x0000000743400000, 0x0000000743400000|100%| O|  |TAMS 0x0000000743400000, 0x0000000743300000| Untracked 
|  52|0x0000000743400000, 0x0000000743500000, 0x0000000743500000|100%|HS|  |TAMS 0x0000000743500000, 0x0000000743400000| Complete 
|  53|0x0000000743500000, 0x00000007435ffff8, 0x0000000743600000| 99%| O|  |TAMS 0x00000007435ffff8, 0x0000000743500000| Untracked 
|  54|0x0000000743600000, 0x00000007436fffd8, 0x0000000743700000| 99%| O|  |TAMS 0x00000007436fffd8, 0x0000000743600000| Untracked 
|  55|0x0000000743700000, 0x00000007437ffff0, 0x0000000743800000| 99%| O|  |TAMS 0x00000007437ffff0, 0x0000000743700000| Untracked 
|  56|0x0000000743800000, 0x00000007438ffff8, 0x0000000743900000| 99%| O|  |TAMS 0x00000007438ffff8, 0x0000000743800000| Untracked 
|  57|0x0000000743900000, 0x0000000743a00000, 0x0000000743a00000|100%| O|  |TAMS 0x0000000743a00000, 0x0000000743900000| Untracked 
|  58|0x0000000743a00000, 0x0000000743afffe8, 0x0000000743b00000| 99%| O|  |TAMS 0x0000000743afffe8, 0x0000000743a00000| Untracked 
|  59|0x0000000743b00000, 0x0000000743bf92d8, 0x0000000743c00000| 97%| O|  |TAMS 0x0000000743bf92d8, 0x0000000743b00000| Untracked 
|  60|0x0000000743c00000, 0x0000000743cffff8, 0x0000000743d00000| 99%| O|  |TAMS 0x0000000743cffff8, 0x0000000743c00000| Untracked 
|  61|0x0000000743d00000, 0x0000000743e00000, 0x0000000743e00000|100%| O|  |TAMS 0x0000000743e00000, 0x0000000743d00000| Untracked 
|  62|0x0000000743e00000, 0x0000000743effc50, 0x0000000743f00000| 99%| O|  |TAMS 0x0000000743effc50, 0x0000000743e00000| Untracked 
|  63|0x0000000743f00000, 0x0000000743ffff60, 0x0000000744000000| 99%| O|  |TAMS 0x0000000743ffff60, 0x0000000743f00000| Untracked 
|  64|0x0000000744000000, 0x00000007440ffff8, 0x0000000744100000| 99%| O|  |TAMS 0x00000007440ffff8, 0x0000000744000000| Untracked 
|  65|0x0000000744100000, 0x00000007441fff68, 0x0000000744200000| 99%| O|  |TAMS 0x00000007441fff68, 0x0000000744100000| Untracked 
|  66|0x0000000744200000, 0x00000007442fffe0, 0x0000000744300000| 99%| O|  |TAMS 0x00000007442fffe0, 0x0000000744200000| Untracked 
|  67|0x0000000744300000, 0x00000007443ffec0, 0x0000000744400000| 99%| O|  |TAMS 0x00000007443ffec0, 0x0000000744300000| Untracked 
|  68|0x0000000744400000, 0x0000000744500000, 0x0000000744500000|100%| O|  |TAMS 0x0000000744500000, 0x0000000744400000| Untracked 
|  69|0x0000000744500000, 0x00000007445ffff0, 0x0000000744600000| 99%| O|  |TAMS 0x00000007445ffff0, 0x0000000744500000| Untracked 
|  70|0x0000000744600000, 0x00000007446ffff0, 0x0000000744700000| 99%| O|  |TAMS 0x00000007446ffff0, 0x0000000744600000| Untracked 
|  71|0x0000000744700000, 0x00000007447fe738, 0x0000000744800000| 99%| O|  |TAMS 0x00000007447fe738, 0x0000000744700000| Untracked 
|  72|0x0000000744800000, 0x00000007448fffe8, 0x0000000744900000| 99%| O|  |TAMS 0x00000007448fffe8, 0x0000000744800000| Untracked 
|  73|0x0000000744900000, 0x00000007449fffa0, 0x0000000744a00000| 99%| O|  |TAMS 0x00000007449fffa0, 0x0000000744900000| Untracked 
|  74|0x0000000744a00000, 0x0000000744afff00, 0x0000000744b00000| 99%| O|  |TAMS 0x0000000744afff00, 0x0000000744a00000| Untracked 
|  75|0x0000000744b00000, 0x0000000744bffff8, 0x0000000744c00000| 99%| O|  |TAMS 0x0000000744bffff8, 0x0000000744b00000| Untracked 
|  76|0x0000000744c00000, 0x0000000744cffff0, 0x0000000744d00000| 99%| O|  |TAMS 0x0000000744cffff0, 0x0000000744c00000| Untracked 
|  77|0x0000000744d00000, 0x0000000744e00000, 0x0000000744e00000|100%| O|  |TAMS 0x0000000744e00000, 0x0000000744d00000| Untracked 
|  78|0x0000000744e00000, 0x0000000744e37cf0, 0x0000000744f00000| 21%| O|  |TAMS 0x0000000744e37cf0, 0x0000000744e00000| Untracked 
|  79|0x0000000744f00000, 0x0000000744f00000, 0x0000000745000000|  0%| F|  |TAMS 0x0000000744f00000, 0x0000000744f00000| Untracked 
|  80|0x0000000745000000, 0x0000000745000000, 0x0000000745100000|  0%| F|  |TAMS 0x0000000745000000, 0x0000000745000000| Untracked 
|  81|0x0000000745100000, 0x0000000745100000, 0x0000000745200000|  0%| F|  |TAMS 0x0000000745100000, 0x0000000745100000| Untracked 
|  82|0x0000000745200000, 0x0000000745200000, 0x0000000745300000|  0%| F|  |TAMS 0x0000000745200000, 0x0000000745200000| Untracked 
|  83|0x0000000745300000, 0x0000000745300000, 0x0000000745400000|  0%| F|  |TAMS 0x0000000745300000, 0x0000000745300000| Untracked 
|  84|0x0000000745400000, 0x0000000745400000, 0x0000000745500000|  0%| F|  |TAMS 0x0000000745400000, 0x0000000745400000| Untracked 
|  85|0x0000000745500000, 0x0000000745500000, 0x0000000745600000|  0%| F|  |TAMS 0x0000000745500000, 0x0000000745500000| Untracked 
|  86|0x0000000745600000, 0x0000000745600000, 0x0000000745700000|  0%| F|  |TAMS 0x0000000745600000, 0x0000000745600000| Untracked 
|  87|0x0000000745700000, 0x0000000745700000, 0x0000000745800000|  0%| F|  |TAMS 0x0000000745700000, 0x0000000745700000| Untracked 
|  88|0x0000000745800000, 0x0000000745800000, 0x0000000745900000|  0%| F|  |TAMS 0x0000000745800000, 0x0000000745800000| Untracked 
|  89|0x0000000745900000, 0x0000000745900000, 0x0000000745a00000|  0%| F|  |TAMS 0x0000000745900000, 0x0000000745900000| Untracked 
|  90|0x0000000745a00000, 0x0000000745a00000, 0x0000000745b00000|  0%| F|  |TAMS 0x0000000745a00000, 0x0000000745a00000| Untracked 
|  91|0x0000000745b00000, 0x0000000745b00000, 0x0000000745c00000|  0%| F|  |TAMS 0x0000000745b00000, 0x0000000745b00000| Untracked 
|  92|0x0000000745c00000, 0x0000000745c00000, 0x0000000745d00000|  0%| F|  |TAMS 0x0000000745c00000, 0x0000000745c00000| Untracked 
|  93|0x0000000745d00000, 0x0000000745d00000, 0x0000000745e00000|  0%| F|  |TAMS 0x0000000745d00000, 0x0000000745d00000| Untracked 
|  94|0x0000000745e00000, 0x0000000745e00000, 0x0000000745f00000|  0%| F|  |TAMS 0x0000000745e00000, 0x0000000745e00000| Untracked 
|  95|0x0000000745f00000, 0x0000000745f00000, 0x0000000746000000|  0%| F|  |TAMS 0x0000000745f00000, 0x0000000745f00000| Untracked 
|  96|0x0000000746000000, 0x0000000746000000, 0x0000000746100000|  0%| F|  |TAMS 0x0000000746000000, 0x0000000746000000| Untracked 
|  97|0x0000000746100000, 0x0000000746100000, 0x0000000746200000|  0%| F|  |TAMS 0x0000000746100000, 0x0000000746100000| Untracked 
|  98|0x0000000746200000, 0x00000007462f7df0, 0x0000000746300000| 96%| O|  |TAMS 0x00000007462f7df0, 0x0000000746200000| Untracked 
|  99|0x0000000746300000, 0x0000000746300000, 0x0000000746400000|  0%| F|  |TAMS 0x0000000746300000, 0x0000000746300000| Untracked 
| 100|0x0000000746400000, 0x0000000746500000, 0x0000000746500000|100%|HS|  |TAMS 0x0000000746500000, 0x0000000746400000| Complete 
| 101|0x0000000746500000, 0x0000000746600000, 0x0000000746600000|100%|HC|  |TAMS 0x0000000746600000, 0x0000000746500000| Complete 
| 102|0x0000000746600000, 0x0000000746700000, 0x0000000746700000|100%|HC|  |TAMS 0x0000000746700000, 0x0000000746600000| Complete 
| 103|0x0000000746700000, 0x0000000746800000, 0x0000000746800000|100%|HC|  |TAMS 0x0000000746800000, 0x0000000746700000| Complete 
| 104|0x0000000746800000, 0x0000000746900000, 0x0000000746900000|100%|HC|  |TAMS 0x0000000746900000, 0x0000000746800000| Complete 
| 105|0x0000000746900000, 0x0000000746a00000, 0x0000000746a00000|100%|HC|  |TAMS 0x0000000746a00000, 0x0000000746900000| Complete 
| 106|0x0000000746a00000, 0x0000000746b00000, 0x0000000746b00000|100%|HC|  |TAMS 0x0000000746b00000, 0x0000000746a00000| Complete 
| 107|0x0000000746b00000, 0x0000000746c00000, 0x0000000746c00000|100%|HC|  |TAMS 0x0000000746c00000, 0x0000000746b00000| Complete 
| 108|0x0000000746c00000, 0x0000000746d00000, 0x0000000746d00000|100%|HC|  |TAMS 0x0000000746d00000, 0x0000000746c00000| Complete 
| 109|0x0000000746d00000, 0x0000000746e00000, 0x0000000746e00000|100%|HC|  |TAMS 0x0000000746e00000, 0x0000000746d00000| Complete 
| 110|0x0000000746e00000, 0x0000000746f00000, 0x0000000746f00000|100%|HC|  |TAMS 0x0000000746f00000, 0x0000000746e00000| Complete 
| 111|0x0000000746f00000, 0x0000000747000000, 0x0000000747000000|100%|HC|  |TAMS 0x0000000747000000, 0x0000000746f00000| Complete 
| 112|0x0000000747000000, 0x0000000747100000, 0x0000000747100000|100%|HC|  |TAMS 0x0000000747100000, 0x0000000747000000| Complete 
| 113|0x0000000747100000, 0x0000000747200000, 0x0000000747200000|100%|HC|  |TAMS 0x0000000747200000, 0x0000000747100000| Complete 
| 114|0x0000000747200000, 0x0000000747300000, 0x0000000747300000|100%|HC|  |TAMS 0x0000000747300000, 0x0000000747200000| Complete 
| 115|0x0000000747300000, 0x0000000747400000, 0x0000000747400000|100%|HC|  |TAMS 0x0000000747400000, 0x0000000747300000| Complete 
| 116|0x0000000747400000, 0x0000000747500000, 0x0000000747500000|100%|HC|  |TAMS 0x0000000747500000, 0x0000000747400000| Complete 
| 117|0x0000000747500000, 0x0000000747600000, 0x0000000747600000|100%|HC|  |TAMS 0x0000000747600000, 0x0000000747500000| Complete 
| 118|0x0000000747600000, 0x0000000747700000, 0x0000000747700000|100%|HC|  |TAMS 0x0000000747700000, 0x0000000747600000| Complete 
| 119|0x0000000747700000, 0x0000000747800000, 0x0000000747800000|100%|HC|  |TAMS 0x0000000747800000, 0x0000000747700000| Complete 
| 120|0x0000000747800000, 0x0000000747900000, 0x0000000747900000|100%|HC|  |TAMS 0x0000000747900000, 0x0000000747800000| Complete 
| 121|0x0000000747900000, 0x0000000747a00000, 0x0000000747a00000|100%|HC|  |TAMS 0x0000000747a00000, 0x0000000747900000| Complete 
| 122|0x0000000747a00000, 0x0000000747b00000, 0x0000000747b00000|100%|HC|  |TAMS 0x0000000747b00000, 0x0000000747a00000| Complete 
| 123|0x0000000747b00000, 0x0000000747c00000, 0x0000000747c00000|100%|HC|  |TAMS 0x0000000747c00000, 0x0000000747b00000| Complete 
| 124|0x0000000747c00000, 0x0000000747d00000, 0x0000000747d00000|100%|HC|  |TAMS 0x0000000747d00000, 0x0000000747c00000| Complete 
| 125|0x0000000747d00000, 0x0000000747d00000, 0x0000000747e00000|  0%| F|  |TAMS 0x0000000747d00000, 0x0000000747d00000| Untracked 
| 126|0x0000000747e00000, 0x0000000747e00000, 0x0000000747f00000|  0%| F|  |TAMS 0x0000000747e00000, 0x0000000747e00000| Untracked 
| 127|0x0000000747f00000, 0x0000000747f00000, 0x0000000748000000|  0%| F|  |TAMS 0x0000000747f00000, 0x0000000747f00000| Untracked 
| 128|0x0000000748000000, 0x0000000748100000, 0x0000000748100000|100%|HS|  |TAMS 0x0000000748100000, 0x0000000748000000| Complete 
| 129|0x0000000748100000, 0x0000000748100000, 0x0000000748200000|  0%| F|  |TAMS 0x0000000748100000, 0x0000000748100000| Untracked 
| 130|0x0000000748200000, 0x0000000748200000, 0x0000000748300000|  0%| F|  |TAMS 0x0000000748200000, 0x0000000748200000| Untracked 
| 131|0x0000000748300000, 0x0000000748300000, 0x0000000748400000|  0%| F|  |TAMS 0x0000000748300000, 0x0000000748300000| Untracked 
| 132|0x0000000748400000, 0x0000000748400000, 0x0000000748500000|  0%| F|  |TAMS 0x0000000748400000, 0x0000000748400000| Untracked 
| 133|0x0000000748500000, 0x0000000748500000, 0x0000000748600000|  0%| F|  |TAMS 0x0000000748500000, 0x0000000748500000| Untracked 
| 134|0x0000000748600000, 0x0000000748600000, 0x0000000748700000|  0%| F|  |TAMS 0x0000000748600000, 0x0000000748600000| Untracked 
| 135|0x0000000748700000, 0x0000000748700000, 0x0000000748800000|  0%| F|  |TAMS 0x0000000748700000, 0x0000000748700000| Untracked 
| 136|0x0000000748800000, 0x0000000748800000, 0x0000000748900000|  0%| F|  |TAMS 0x0000000748800000, 0x0000000748800000| Untracked 
| 137|0x0000000748900000, 0x0000000748900000, 0x0000000748a00000|  0%| F|  |TAMS 0x0000000748900000, 0x0000000748900000| Untracked 
| 138|0x0000000748a00000, 0x0000000748a00000, 0x0000000748b00000|  0%| F|  |TAMS 0x0000000748a00000, 0x0000000748a00000| Untracked 
| 139|0x0000000748b00000, 0x0000000748b00000, 0x0000000748c00000|  0%| F|  |TAMS 0x0000000748b00000, 0x0000000748b00000| Untracked 
| 140|0x0000000748c00000, 0x0000000748c00000, 0x0000000748d00000|  0%| F|  |TAMS 0x0000000748c00000, 0x0000000748c00000| Untracked 
| 141|0x0000000748d00000, 0x0000000748d00000, 0x0000000748e00000|  0%| F|  |TAMS 0x0000000748d00000, 0x0000000748d00000| Untracked 
| 142|0x0000000748e00000, 0x0000000748e00000, 0x0000000748f00000|  0%| F|  |TAMS 0x0000000748e00000, 0x0000000748e00000| Untracked 
| 143|0x0000000748f00000, 0x0000000748f00000, 0x0000000749000000|  0%| F|  |TAMS 0x0000000748f00000, 0x0000000748f00000| Untracked 
| 144|0x0000000749000000, 0x0000000749000000, 0x0000000749100000|  0%| F|  |TAMS 0x0000000749000000, 0x0000000749000000| Untracked 
| 145|0x0000000749100000, 0x0000000749100000, 0x0000000749200000|  0%| F|  |TAMS 0x0000000749100000, 0x0000000749100000| Untracked 
| 146|0x0000000749200000, 0x0000000749200000, 0x0000000749300000|  0%| F|  |TAMS 0x0000000749200000, 0x0000000749200000| Untracked 
| 147|0x0000000749300000, 0x0000000749300000, 0x0000000749400000|  0%| F|  |TAMS 0x0000000749300000, 0x0000000749300000| Untracked 
| 148|0x0000000749400000, 0x0000000749400000, 0x0000000749500000|  0%| F|  |TAMS 0x0000000749400000, 0x0000000749400000| Untracked 
| 149|0x0000000749500000, 0x0000000749500000, 0x0000000749600000|  0%| F|  |TAMS 0x0000000749500000, 0x0000000749500000| Untracked 
| 150|0x0000000749600000, 0x0000000749600000, 0x0000000749700000|  0%| F|  |TAMS 0x0000000749600000, 0x0000000749600000| Untracked 
| 151|0x0000000749700000, 0x0000000749700000, 0x0000000749800000|  0%| F|  |TAMS 0x0000000749700000, 0x0000000749700000| Untracked 
| 152|0x0000000749800000, 0x0000000749800000, 0x0000000749900000|  0%| F|  |TAMS 0x0000000749800000, 0x0000000749800000| Untracked 
| 153|0x0000000749900000, 0x0000000749900000, 0x0000000749a00000|  0%| F|  |TAMS 0x0000000749900000, 0x0000000749900000| Untracked 
| 154|0x0000000749a00000, 0x0000000749a00000, 0x0000000749b00000|  0%| F|  |TAMS 0x0000000749a00000, 0x0000000749a00000| Untracked 
| 155|0x0000000749b00000, 0x0000000749b00000, 0x0000000749c00000|  0%| F|  |TAMS 0x0000000749b00000, 0x0000000749b00000| Untracked 
| 156|0x0000000749c00000, 0x0000000749c00000, 0x0000000749d00000|  0%| F|  |TAMS 0x0000000749c00000, 0x0000000749c00000| Untracked 
| 157|0x0000000749d00000, 0x0000000749d00000, 0x0000000749e00000|  0%| F|  |TAMS 0x0000000749d00000, 0x0000000749d00000| Untracked 
| 158|0x0000000749e00000, 0x0000000749e00000, 0x0000000749f00000|  0%| F|  |TAMS 0x0000000749e00000, 0x0000000749e00000| Untracked 
| 159|0x0000000749f00000, 0x0000000749f00000, 0x000000074a000000|  0%| F|  |TAMS 0x0000000749f00000, 0x0000000749f00000| Untracked 
| 160|0x000000074a000000, 0x000000074a000000, 0x000000074a100000|  0%| F|  |TAMS 0x000000074a000000, 0x000000074a000000| Untracked 
| 161|0x000000074a100000, 0x000000074a100000, 0x000000074a200000|  0%| F|  |TAMS 0x000000074a100000, 0x000000074a100000| Untracked 
| 162|0x000000074a200000, 0x000000074a200000, 0x000000074a300000|  0%| F|  |TAMS 0x000000074a200000, 0x000000074a200000| Untracked 
| 163|0x000000074a300000, 0x000000074a300000, 0x000000074a400000|  0%| F|  |TAMS 0x000000074a300000, 0x000000074a300000| Untracked 
| 164|0x000000074a400000, 0x000000074a400000, 0x000000074a500000|  0%| F|  |TAMS 0x000000074a400000, 0x000000074a400000| Untracked 
| 165|0x000000074a500000, 0x000000074a500000, 0x000000074a600000|  0%| F|  |TAMS 0x000000074a500000, 0x000000074a500000| Untracked 
| 166|0x000000074a600000, 0x000000074a600000, 0x000000074a700000|  0%| F|  |TAMS 0x000000074a600000, 0x000000074a600000| Untracked 
| 167|0x000000074a700000, 0x000000074a700000, 0x000000074a800000|  0%| F|  |TAMS 0x000000074a700000, 0x000000074a700000| Untracked 
| 168|0x000000074a800000, 0x000000074a800000, 0x000000074a900000|  0%| F|  |TAMS 0x000000074a800000, 0x000000074a800000| Untracked 
| 169|0x000000074a900000, 0x000000074a900000, 0x000000074aa00000|  0%| F|  |TAMS 0x000000074a900000, 0x000000074a900000| Untracked 
| 170|0x000000074aa00000, 0x000000074aa00000, 0x000000074ab00000|  0%| F|  |TAMS 0x000000074aa00000, 0x000000074aa00000| Untracked 
| 171|0x000000074ab00000, 0x000000074ab00000, 0x000000074ac00000|  0%| F|  |TAMS 0x000000074ab00000, 0x000000074ab00000| Untracked 
| 172|0x000000074ac00000, 0x000000074ac00000, 0x000000074ad00000|  0%| F|  |TAMS 0x000000074ac00000, 0x000000074ac00000| Untracked 
| 173|0x000000074ad00000, 0x000000074ad00000, 0x000000074ae00000|  0%| F|  |TAMS 0x000000074ad00000, 0x000000074ad00000| Untracked 
| 174|0x000000074ae00000, 0x000000074ae00000, 0x000000074af00000|  0%| F|  |TAMS 0x000000074ae00000, 0x000000074ae00000| Untracked 
| 175|0x000000074af00000, 0x000000074b000000, 0x000000074b000000|100%|HS|  |TAMS 0x000000074b000000, 0x000000074af00000| Complete 
| 176|0x000000074b000000, 0x000000074b100000, 0x000000074b100000|100%|HC|  |TAMS 0x000000074b100000, 0x000000074b000000| Complete 
| 177|0x000000074b100000, 0x000000074b200000, 0x000000074b200000|100%|HC|  |TAMS 0x000000074b200000, 0x000000074b100000| Complete 
| 178|0x000000074b200000, 0x000000074b300000, 0x000000074b300000|100%|HC|  |TAMS 0x000000074b300000, 0x000000074b200000| Complete 
| 179|0x000000074b300000, 0x000000074b400000, 0x000000074b400000|100%|HC|  |TAMS 0x000000074b400000, 0x000000074b300000| Complete 
| 180|0x000000074b400000, 0x000000074b500000, 0x000000074b500000|100%|HC|  |TAMS 0x000000074b500000, 0x000000074b400000| Complete 
| 181|0x000000074b500000, 0x000000074b600000, 0x000000074b600000|100%|HC|  |TAMS 0x000000074b600000, 0x000000074b500000| Complete 
| 182|0x000000074b600000, 0x000000074b700000, 0x000000074b700000|100%|HC|  |TAMS 0x000000074b700000, 0x000000074b600000| Complete 
| 183|0x000000074b700000, 0x000000074b800000, 0x000000074b800000|100%|HC|  |TAMS 0x000000074b800000, 0x000000074b700000| Complete 
| 184|0x000000074b800000, 0x000000074b900000, 0x000000074b900000|100%|HC|  |TAMS 0x000000074b900000, 0x000000074b800000| Complete 
| 185|0x000000074b900000, 0x000000074ba00000, 0x000000074ba00000|100%|HC|  |TAMS 0x000000074ba00000, 0x000000074b900000| Complete 
| 186|0x000000074ba00000, 0x000000074bb00000, 0x000000074bb00000|100%|HC|  |TAMS 0x000000074bb00000, 0x000000074ba00000| Complete 
| 187|0x000000074bb00000, 0x000000074bc00000, 0x000000074bc00000|100%|HC|  |TAMS 0x000000074bc00000, 0x000000074bb00000| Complete 
| 188|0x000000074bc00000, 0x000000074bd00000, 0x000000074bd00000|100%|HC|  |TAMS 0x000000074bd00000, 0x000000074bc00000| Complete 
| 189|0x000000074bd00000, 0x000000074be00000, 0x000000074be00000|100%|HC|  |TAMS 0x000000074be00000, 0x000000074bd00000| Complete 
| 190|0x000000074be00000, 0x000000074bf00000, 0x000000074bf00000|100%|HC|  |TAMS 0x000000074bf00000, 0x000000074be00000| Complete 
| 191|0x000000074bf00000, 0x000000074c000000, 0x000000074c000000|100%|HC|  |TAMS 0x000000074c000000, 0x000000074bf00000| Complete 
| 192|0x000000074c000000, 0x000000074c100000, 0x000000074c100000|100%|HC|  |TAMS 0x000000074c100000, 0x000000074c000000| Complete 
| 193|0x000000074c100000, 0x000000074c200000, 0x000000074c200000|100%|HC|  |TAMS 0x000000074c200000, 0x000000074c100000| Complete 
| 194|0x000000074c200000, 0x000000074c300000, 0x000000074c300000|100%|HC|  |TAMS 0x000000074c300000, 0x000000074c200000| Complete 
| 195|0x000000074c300000, 0x000000074c400000, 0x000000074c400000|100%|HC|  |TAMS 0x000000074c400000, 0x000000074c300000| Complete 
| 196|0x000000074c400000, 0x000000074c500000, 0x000000074c500000|100%|HC|  |TAMS 0x000000074c500000, 0x000000074c400000| Complete 
| 197|0x000000074c500000, 0x000000074c600000, 0x000000074c600000|100%|HC|  |TAMS 0x000000074c600000, 0x000000074c500000| Complete 
| 198|0x000000074c600000, 0x000000074c700000, 0x000000074c700000|100%|HC|  |TAMS 0x000000074c700000, 0x000000074c600000| Complete 
| 199|0x000000074c700000, 0x000000074c800000, 0x000000074c800000|100%|HC|  |TAMS 0x000000074c800000, 0x000000074c700000| Complete 
| 200|0x000000074c800000, 0x000000074c900000, 0x000000074c900000|100%|HC|  |TAMS 0x000000074c900000, 0x000000074c800000| Complete 
| 201|0x000000074c900000, 0x000000074ca00000, 0x000000074ca00000|100%|HC|  |TAMS 0x000000074ca00000, 0x000000074c900000| Complete 
| 202|0x000000074ca00000, 0x000000074cb00000, 0x000000074cb00000|100%|HC|  |TAMS 0x000000074cb00000, 0x000000074ca00000| Complete 
| 203|0x000000074cb00000, 0x000000074cc00000, 0x000000074cc00000|100%|HC|  |TAMS 0x000000074cc00000, 0x000000074cb00000| Complete 
| 204|0x000000074cc00000, 0x000000074cd00000, 0x000000074cd00000|100%|HC|  |TAMS 0x000000074cd00000, 0x000000074cc00000| Complete 
| 205|0x000000074cd00000, 0x000000074ce00000, 0x000000074ce00000|100%|HC|  |TAMS 0x000000074ce00000, 0x000000074cd00000| Complete 
| 206|0x000000074ce00000, 0x000000074cf00000, 0x000000074cf00000|100%|HC|  |TAMS 0x000000074cf00000, 0x000000074ce00000| Complete 
| 207|0x000000074cf00000, 0x000000074d000000, 0x000000074d000000|100%|HC|  |TAMS 0x000000074d000000, 0x000000074cf00000| Complete 
| 208|0x000000074d000000, 0x000000074d100000, 0x000000074d100000|100%|HC|  |TAMS 0x000000074d100000, 0x000000074d000000| Complete 
| 209|0x000000074d100000, 0x000000074d200000, 0x000000074d200000|100%|HC|  |TAMS 0x000000074d200000, 0x000000074d100000| Complete 
| 210|0x000000074d200000, 0x000000074d300000, 0x000000074d300000|100%|HC|  |TAMS 0x000000074d300000, 0x000000074d200000| Complete 
| 211|0x000000074d300000, 0x000000074d400000, 0x000000074d400000|100%|HC|  |TAMS 0x000000074d400000, 0x000000074d300000| Complete 
| 212|0x000000074d400000, 0x000000074d500000, 0x000000074d500000|100%|HC|  |TAMS 0x000000074d500000, 0x000000074d400000| Complete 
| 213|0x000000074d500000, 0x000000074d600000, 0x000000074d600000|100%|HC|  |TAMS 0x000000074d600000, 0x000000074d500000| Complete 
| 214|0x000000074d600000, 0x000000074d600000, 0x000000074d700000|  0%| F|  |TAMS 0x000000074d600000, 0x000000074d600000| Untracked 
| 215|0x000000074d700000, 0x000000074d700000, 0x000000074d800000|  0%| F|  |TAMS 0x000000074d700000, 0x000000074d700000| Untracked 
| 216|0x000000074d800000, 0x000000074d800000, 0x000000074d900000|  0%| F|  |TAMS 0x000000074d800000, 0x000000074d800000| Untracked 
| 217|0x000000074d900000, 0x000000074d900000, 0x000000074da00000|  0%| F|  |TAMS 0x000000074d900000, 0x000000074d900000| Untracked 
| 218|0x000000074da00000, 0x000000074da00000, 0x000000074db00000|  0%| F|  |TAMS 0x000000074da00000, 0x000000074da00000| Untracked 
| 219|0x000000074db00000, 0x000000074db00000, 0x000000074dc00000|  0%| F|  |TAMS 0x000000074db00000, 0x000000074db00000| Untracked 
| 220|0x000000074dc00000, 0x000000074dc00000, 0x000000074dd00000|  0%| F|  |TAMS 0x000000074dc00000, 0x000000074dc00000| Untracked 
| 221|0x000000074dd00000, 0x000000074dd00000, 0x000000074de00000|  0%| F|  |TAMS 0x000000074dd00000, 0x000000074dd00000| Untracked 
| 222|0x000000074de00000, 0x000000074de00000, 0x000000074df00000|  0%| F|  |TAMS 0x000000074de00000, 0x000000074de00000| Untracked 
| 223|0x000000074df00000, 0x000000074df00000, 0x000000074e000000|  0%| F|  |TAMS 0x000000074df00000, 0x000000074df00000| Untracked 
| 224|0x000000074e000000, 0x000000074e000000, 0x000000074e100000|  0%| F|  |TAMS 0x000000074e000000, 0x000000074e000000| Untracked 
| 225|0x000000074e100000, 0x000000074e100000, 0x000000074e200000|  0%| F|  |TAMS 0x000000074e100000, 0x000000074e100000| Untracked 
| 226|0x000000074e200000, 0x000000074e200000, 0x000000074e300000|  0%| F|  |TAMS 0x000000074e200000, 0x000000074e200000| Untracked 
| 227|0x000000074e300000, 0x000000074e300000, 0x000000074e400000|  0%| F|  |TAMS 0x000000074e300000, 0x000000074e300000| Untracked 
| 228|0x000000074e400000, 0x000000074e400000, 0x000000074e500000|  0%| F|  |TAMS 0x000000074e400000, 0x000000074e400000| Untracked 
| 229|0x000000074e500000, 0x000000074e500000, 0x000000074e600000|  0%| F|  |TAMS 0x000000074e500000, 0x000000074e500000| Untracked 
| 230|0x000000074e600000, 0x000000074e69ae18, 0x000000074e700000| 60%| S|CS|TAMS 0x000000074e600000, 0x000000074e600000| Complete 
| 231|0x000000074e700000, 0x000000074e700000, 0x000000074e800000|  0%| F|  |TAMS 0x000000074e700000, 0x000000074e700000| Untracked 
| 232|0x000000074e800000, 0x000000074e800000, 0x000000074e900000|  0%| F|  |TAMS 0x000000074e800000, 0x000000074e800000| Untracked 
| 233|0x000000074e900000, 0x000000074e900000, 0x000000074ea00000|  0%| F|  |TAMS 0x000000074e900000, 0x000000074e900000| Untracked 
| 234|0x000000074ea00000, 0x000000074ea00000, 0x000000074eb00000|  0%| F|  |TAMS 0x000000074ea00000, 0x000000074ea00000| Untracked 
| 235|0x000000074eb00000, 0x000000074eb00000, 0x000000074ec00000|  0%| F|  |TAMS 0x000000074eb00000, 0x000000074eb00000| Untracked 
| 236|0x000000074ec00000, 0x000000074ec00000, 0x000000074ed00000|  0%| F|  |TAMS 0x000000074ec00000, 0x000000074ec00000| Untracked 
| 237|0x000000074ed00000, 0x000000074ed00000, 0x000000074ee00000|  0%| F|  |TAMS 0x000000074ed00000, 0x000000074ed00000| Untracked 
| 238|0x000000074ee00000, 0x000000074ee00000, 0x000000074ef00000|  0%| F|  |TAMS 0x000000074ee00000, 0x000000074ee00000| Untracked 
| 239|0x000000074ef00000, 0x000000074ef00000, 0x000000074f000000|  0%| F|  |TAMS 0x000000074ef00000, 0x000000074ef00000| Untracked 
| 240|0x000000074f000000, 0x000000074f000000, 0x000000074f100000|  0%| F|  |TAMS 0x000000074f000000, 0x000000074f000000| Untracked 
| 241|0x000000074f100000, 0x000000074f100000, 0x000000074f200000|  0%| F|  |TAMS 0x000000074f100000, 0x000000074f100000| Untracked 
| 242|0x000000074f200000, 0x000000074f200000, 0x000000074f300000|  0%| F|  |TAMS 0x000000074f200000, 0x000000074f200000| Untracked 
| 243|0x000000074f300000, 0x000000074f300000, 0x000000074f400000|  0%| F|  |TAMS 0x000000074f300000, 0x000000074f300000| Untracked 
| 244|0x000000074f400000, 0x000000074f400000, 0x000000074f500000|  0%| F|  |TAMS 0x000000074f400000, 0x000000074f400000| Untracked 
| 245|0x000000074f500000, 0x000000074f500000, 0x000000074f600000|  0%| F|  |TAMS 0x000000074f500000, 0x000000074f500000| Untracked 
| 246|0x000000074f600000, 0x000000074f600000, 0x000000074f700000|  0%| F|  |TAMS 0x000000074f600000, 0x000000074f600000| Untracked 
| 247|0x000000074f700000, 0x000000074f718348, 0x000000074f800000|  9%| E|  |TAMS 0x000000074f700000, 0x000000074f700000| Complete 
| 248|0x000000074f800000, 0x000000074f900000, 0x000000074f900000|100%| E|CS|TAMS 0x000000074f800000, 0x000000074f800000| Complete 
| 249|0x000000074f900000, 0x000000074fa00000, 0x000000074fa00000|100%| E|CS|TAMS 0x000000074f900000, 0x000000074f900000| Complete 
| 250|0x000000074fa00000, 0x000000074fb00000, 0x000000074fb00000|100%| E|CS|TAMS 0x000000074fa00000, 0x000000074fa00000| Complete 
| 251|0x000000074fb00000, 0x000000074fc00000, 0x000000074fc00000|100%| E|CS|TAMS 0x000000074fb00000, 0x000000074fb00000| Complete 
| 252|0x000000074fc00000, 0x000000074fd00000, 0x000000074fd00000|100%| E|CS|TAMS 0x000000074fc00000, 0x000000074fc00000| Complete 
| 253|0x000000074fd00000, 0x000000074fe00000, 0x000000074fe00000|100%| E|CS|TAMS 0x000000074fd00000, 0x000000074fd00000| Complete 
| 254|0x000000074fe00000, 0x000000074ff00000, 0x000000074ff00000|100%| E|CS|TAMS 0x000000074fe00000, 0x000000074fe00000| Complete 
| 255|0x000000074ff00000, 0x0000000750000000, 0x0000000750000000|100%| E|CS|TAMS 0x000000074ff00000, 0x000000074ff00000| Complete 
| 256|0x0000000750000000, 0x0000000750100000, 0x0000000750100000|100%| E|CS|TAMS 0x0000000750000000, 0x0000000750000000| Complete 
| 257|0x0000000750100000, 0x0000000750200000, 0x0000000750200000|100%| E|CS|TAMS 0x0000000750100000, 0x0000000750100000| Complete 
| 258|0x0000000750200000, 0x0000000750300000, 0x0000000750300000|100%| E|CS|TAMS 0x0000000750200000, 0x0000000750200000| Complete 
| 259|0x0000000750300000, 0x0000000750400000, 0x0000000750400000|100%| E|CS|TAMS 0x0000000750300000, 0x0000000750300000| Complete 
| 260|0x0000000750400000, 0x0000000750500000, 0x0000000750500000|100%| E|CS|TAMS 0x0000000750400000, 0x0000000750400000| Complete 
| 261|0x0000000750500000, 0x0000000750600000, 0x0000000750600000|100%| E|CS|TAMS 0x0000000750500000, 0x0000000750500000| Complete 
| 262|0x0000000750600000, 0x0000000750700000, 0x0000000750700000|100%| E|CS|TAMS 0x0000000750600000, 0x0000000750600000| Complete 
| 263|0x0000000750700000, 0x0000000750800000, 0x0000000750800000|100%| E|CS|TAMS 0x0000000750700000, 0x0000000750700000| Complete 
| 264|0x0000000750800000, 0x0000000750900000, 0x0000000750900000|100%| E|CS|TAMS 0x0000000750800000, 0x0000000750800000| Complete 
| 265|0x0000000750900000, 0x0000000750a00000, 0x0000000750a00000|100%| E|CS|TAMS 0x0000000750900000, 0x0000000750900000| Complete 
| 266|0x0000000750a00000, 0x0000000750b00000, 0x0000000750b00000|100%| E|CS|TAMS 0x0000000750a00000, 0x0000000750a00000| Complete 
| 267|0x0000000750b00000, 0x0000000750c00000, 0x0000000750c00000|100%| E|CS|TAMS 0x0000000750b00000, 0x0000000750b00000| Complete 
| 268|0x0000000750c00000, 0x0000000750d00000, 0x0000000750d00000|100%| E|CS|TAMS 0x0000000750c00000, 0x0000000750c00000| Complete 
| 269|0x0000000750d00000, 0x0000000750e00000, 0x0000000750e00000|100%| E|CS|TAMS 0x0000000750d00000, 0x0000000750d00000| Complete 
| 270|0x0000000750e00000, 0x0000000750f00000, 0x0000000750f00000|100%| E|CS|TAMS 0x0000000750e00000, 0x0000000750e00000| Complete 
| 271|0x0000000750f00000, 0x0000000751000000, 0x0000000751000000|100%| E|CS|TAMS 0x0000000750f00000, 0x0000000750f00000| Complete 
| 272|0x0000000751000000, 0x0000000751100000, 0x0000000751100000|100%| E|CS|TAMS 0x0000000751000000, 0x0000000751000000| Complete 
| 273|0x0000000751100000, 0x0000000751200000, 0x0000000751200000|100%| E|CS|TAMS 0x0000000751100000, 0x0000000751100000| Complete 
| 274|0x0000000751200000, 0x0000000751300000, 0x0000000751300000|100%| E|CS|TAMS 0x0000000751200000, 0x0000000751200000| Complete 
| 275|0x0000000751300000, 0x0000000751400000, 0x0000000751400000|100%| E|CS|TAMS 0x0000000751300000, 0x0000000751300000| Complete 
| 276|0x0000000751400000, 0x0000000751500000, 0x0000000751500000|100%| E|CS|TAMS 0x0000000751400000, 0x0000000751400000| Complete 
| 277|0x0000000751500000, 0x0000000751600000, 0x0000000751600000|100%| E|CS|TAMS 0x0000000751500000, 0x0000000751500000| Complete 
| 278|0x0000000751600000, 0x0000000751700000, 0x0000000751700000|100%| E|CS|TAMS 0x0000000751600000, 0x0000000751600000| Complete 
| 279|0x0000000751700000, 0x0000000751800000, 0x0000000751800000|100%| E|CS|TAMS 0x0000000751700000, 0x0000000751700000| Complete 
| 280|0x0000000751800000, 0x0000000751900000, 0x0000000751900000|100%| E|CS|TAMS 0x0000000751800000, 0x0000000751800000| Complete 
| 281|0x0000000751900000, 0x0000000751a00000, 0x0000000751a00000|100%| E|CS|TAMS 0x0000000751900000, 0x0000000751900000| Complete 
| 282|0x0000000751a00000, 0x0000000751b00000, 0x0000000751b00000|100%| E|CS|TAMS 0x0000000751a00000, 0x0000000751a00000| Complete 
| 283|0x0000000751b00000, 0x0000000751c00000, 0x0000000751c00000|100%| E|CS|TAMS 0x0000000751b00000, 0x0000000751b00000| Complete 
| 284|0x0000000751c00000, 0x0000000751d00000, 0x0000000751d00000|100%| E|CS|TAMS 0x0000000751c00000, 0x0000000751c00000| Complete 
| 285|0x0000000751d00000, 0x0000000751e00000, 0x0000000751e00000|100%| E|CS|TAMS 0x0000000751d00000, 0x0000000751d00000| Complete 
| 286|0x0000000751e00000, 0x0000000751f00000, 0x0000000751f00000|100%| E|CS|TAMS 0x0000000751e00000, 0x0000000751e00000| Complete 
| 287|0x0000000751f00000, 0x0000000752000000, 0x0000000752000000|100%| E|CS|TAMS 0x0000000751f00000, 0x0000000751f00000| Complete 
| 288|0x0000000752000000, 0x0000000752100000, 0x0000000752100000|100%| E|CS|TAMS 0x0000000752000000, 0x0000000752000000| Complete 
| 289|0x0000000752100000, 0x0000000752200000, 0x0000000752200000|100%| E|CS|TAMS 0x0000000752100000, 0x0000000752100000| Complete 

Card table byte_map: [0x0000021432070000,0x0000021432670000] _byte_map_base: 0x000002142e670000

Marking Bits (Prev, Next): (CMBitMap*) 0x000002144f9cda00, (CMBitMap*) 0x000002144f9cd9c8
 Prev Bits: [0x0000021439610000, 0x000002143c610000)
 Next Bits: [0x0000021436610000, 0x0000021439610000)

Polling page: 0x0000021413550000

Metaspace:

Usage:
  Non-class:     80.23 MB capacity,    79.57 MB (>99%) used,   488.38 KB ( <1%) free+waste,   183.31 KB ( <1%) overhead. 
      Class:     12.30 MB capacity,    11.80 MB ( 96%) used,   431.47 KB (  3%) free+waste,    80.25 KB ( <1%) overhead. 
       Both:     92.52 MB capacity,    91.37 MB ( 99%) used,   919.85 KB ( <1%) free+waste,   263.56 KB ( <1%) overhead. 

Virtual space:
  Non-class space:       84.00 MB reserved,      82.83 MB ( 99%) committed 
      Class space:        1.00 GB reserved,      13.63 MB (  1%) committed 
             Both:        1.08 GB reserved,      96.45 MB (  9%) committed 

Chunk freelists:
   Non-Class:  316.88 KB
       Class:  170.00 KB
        Both:  486.88 KB

CodeHeap 'non-profiled nmethods': size=120064Kb used=24590Kb max_used=24590Kb free=95473Kb
 bounds [0x000002142a530000, 0x000002142bd40000, 0x0000021431a70000]
CodeHeap 'profiled nmethods': size=120000Kb used=39219Kb max_used=43952Kb free=80781Kb
 bounds [0x0000021423000000, 0x0000021425b50000, 0x000002142a530000]
CodeHeap 'non-nmethods': size=5696Kb used=1675Kb max_used=1741Kb free=4020Kb
 bounds [0x0000021422a70000, 0x0000021422ce0000, 0x0000021423000000]
 total_blobs=37604 nmethods=18342 adapters=1137
 compilation: enabled
              stopped_count=0, restarted_count=0
 full_count=0

Compilation events (10 events):
Event: 8878.080 Thread 0x0000021433dcc800 26290       3       java.awt.Toolkit$ToolkitEventMulticaster::remove (74 bytes)
Event: 8878.081 Thread 0x0000021433dcc800 nmethod 26290 0x0000021424a95390 code [0x0000021424a95600, 0x0000021424a96660]
Event: 8878.198 Thread 0x0000021418349000 26291  s    4       sun.awt.image.ToolkitImage::addWatcher (49 bytes)
Event: 8878.264 Thread 0x0000021418349000 nmethod 26291 0x000002142bd31910 code [0x000002142bd31d40, 0x000002142bd350b0]
Event: 8879.243 Thread 0x0000021433dcc800 26292       3       javax.swing.undo.CompoundEdit::canRedo (20 bytes)
Event: 8879.244 Thread 0x0000021433dcc800 nmethod 26292 0x0000021423ec5a90 code [0x0000021423ec5c60, 0x0000021423ec5ff8]
Event: 8879.244 Thread 0x0000021433dcc800 26293       3       javax.swing.undo.AbstractUndoableEdit::canRedo (20 bytes)
Event: 8879.244 Thread 0x0000021433dcc800 nmethod 26293 0x0000021423c37d90 code [0x0000021423c37f40, 0x0000021423c38138]
Event: 8879.833 Thread 0x0000021418349000 26294       4       sun.java2d.pipe.ValidatePipe::drawString (23 bytes)
Event: 8879.839 Thread 0x0000021418349000 nmethod 26294 0x000002142bd36790 code [0x000002142bd36980, 0x000002142bd36fe0]

GC Heap History (10 events):
Event: 8818.798 GC heap before
{Heap before GC invocations=936 (full 126):
 garbage-first heap   total 296960K, used 208645K [0x0000000740000000, 0x0000000800000000)
  region size 1024K, 60 young (61440K), 1 survivors (1024K)
 Metaspace       used 93504K, capacity 94745K, committed 98768K, reserved 1134592K
  class space    used 12075K, capacity 12592K, committed 13952K, reserved 1048576K
}
Event: 8818.802 GC heap after
{Heap after GC invocations=937 (full 126):
 garbage-first heap   total 296960K, used 147957K [0x0000000740000000, 0x0000000800000000)
  region size 1024K, 1 young (1024K), 1 survivors (1024K)
 Metaspace       used 93504K, capacity 94745K, committed 98768K, reserved 1134592K
  class space    used 12075K, capacity 12592K, committed 13952K, reserved 1048576K
}
Event: 8819.474 GC heap before
{Heap before GC invocations=938 (full 126):
 garbage-first heap   total 296960K, used 208373K [0x0000000740000000, 0x0000000800000000)
  region size 1024K, 60 young (61440K), 1 survivors (1024K)
 Metaspace       used 93504K, capacity 94745K, committed 98768K, reserved 1134592K
  class space    used 12075K, capacity 12592K, committed 13952K, reserved 1048576K
}
Event: 8819.479 GC heap after
{Heap after GC invocations=939 (full 126):
 garbage-first heap   total 296960K, used 147873K [0x0000000740000000, 0x0000000800000000)
  region size 1024K, 1 young (1024K), 1 survivors (1024K)
 Metaspace       used 93504K, capacity 94745K, committed 98768K, reserved 1134592K
  class space    used 12075K, capacity 12592K, committed 13952K, reserved 1048576K
}
Event: 8820.788 GC heap before
{Heap before GC invocations=939 (full 126):
 garbage-first heap   total 296960K, used 208289K [0x0000000740000000, 0x0000000800000000)
  region size 1024K, 60 young (61440K), 1 survivors (1024K)
 Metaspace       used 93504K, capacity 94745K, committed 98768K, reserved 1134592K
  class space    used 12075K, capacity 12592K, committed 13952K, reserved 1048576K
}
Event: 8820.792 GC heap after
{Heap after GC invocations=940 (full 126):
 garbage-first heap   total 296960K, used 147907K [0x0000000740000000, 0x0000000800000000)
  region size 1024K, 1 young (1024K), 1 survivors (1024K)
 Metaspace       used 93504K, capacity 94745K, committed 98768K, reserved 1134592K
  class space    used 12075K, capacity 12592K, committed 13952K, reserved 1048576K
}
Event: 8871.520 GC heap before
{Heap before GC invocations=941 (full 126):
 garbage-first heap   total 296960K, used 208323K [0x0000000740000000, 0x0000000800000000)
  region size 1024K, 61 young (62464K), 1 survivors (1024K)
 Metaspace       used 93554K, capacity 94745K, committed 98768K, reserved 1134592K
  class space    used 12079K, capacity 12592K, committed 13952K, reserved 1048576K
}
Event: 8871.526 GC heap after
{Heap after GC invocations=942 (full 126):
 garbage-first heap   total 296960K, used 147976K [0x0000000740000000, 0x0000000800000000)
  region size 1024K, 1 young (1024K), 1 survivors (1024K)
 Metaspace       used 93554K, capacity 94745K, committed 98768K, reserved 1134592K
  class space    used 12079K, capacity 12592K, committed 13952K, reserved 1048576K
}
Event: 8879.426 GC heap before
{Heap before GC invocations=942 (full 126):
 garbage-first heap   total 296960K, used 208392K [0x0000000740000000, 0x0000000800000000)
  region size 1024K, 60 young (61440K), 1 survivors (1024K)
 Metaspace       used 93561K, capacity 94745K, committed 98768K, reserved 1134592K
  class space    used 12080K, capacity 12592K, committed 13952K, reserved 1048576K
}
Event: 8879.431 GC heap after
{Heap after GC invocations=943 (full 126):
 garbage-first heap   total 296960K, used 148039K [0x0000000740000000, 0x0000000800000000)
  region size 1024K, 1 young (1024K), 1 survivors (1024K)
 Metaspace       used 93561K, capacity 94745K, committed 98768K, reserved 1134592K
  class space    used 12080K, capacity 12592K, committed 13952K, reserved 1048576K
}

Deoptimization events (10 events):
Event: 8591.864 Thread 0x0000021441c1b000 Uncommon trap: reason=unstable_if action=reinterpret pc=0x000002142af60e94 method=sun.java2d.pipe.GlyphListPipe.drawString(Lsun/java2d/SunGraphics2D;Ljava/lang/String;DD)V @ 35 c2
Event: 8593.420 Thread 0x0000021441c1b000 Uncommon trap: reason=class_check action=maybe_recompile pc=0x000002142b2d9fc0 method=java.util.HashMap.removeNode(ILjava/lang/Object;Ljava/lang/Object;ZZ)Ljava/util/HashMap$Node; @ 143 c2
Event: 8657.225 Thread 0x0000021441c1b000 Uncommon trap: reason=unstable_if action=reinterpret pc=0x000002142acf827c method=com.jidesoft.docking.DockingUtils.a(Ljava/awt/AWTEvent;Z)Lcom/jidesoft/docking/DockingManager; @ 186 c2
Event: 8727.790 Thread 0x0000021441c1b000 Uncommon trap: reason=unstable_if action=reinterpret pc=0x000002142b6c576c method=ui.views.U.a.aR.paintFolding(Ljava/awt/Graphics;Lcom/jidesoft/editor/folding/FoldingSpan;I)V @ 224 c2
Event: 8728.006 Thread 0x0000021450853000 Uncommon trap: reason=class_check action=maybe_recompile pc=0x000002142b467508 method=sun.java2d.Disposer.run()V @ 11 c2
Event: 8818.745 Thread 0x0000021441c1b000 Uncommon trap: reason=unstable_if action=reinterpret pc=0x000002142b8f7f80 method=com.jidesoft.docking.DefaultDockingManager.handleEvent(Ljava/awt/AWTEvent;)Z @ 34 c2
Event: 8854.692 Thread 0x0000021441c1b000 Uncommon trap: reason=null_check action=make_not_entrant pc=0x000002142bc354d8 method=javax.swing.KeyboardManager.fireKeyboardAction(Ljava/awt/event/KeyEvent;ZLjava/awt/Container;)Z @ 330 c2
Event: 8877.907 Thread 0x0000021441c1b000 Uncommon trap: reason=class_check action=maybe_recompile pc=0x000002142b7a7e00 method=java.awt.CardLayout.layoutContainer(Ljava/awt/Container;)V @ 8 c2
Event: 8877.958 Thread 0x0000021441c1b000 Uncommon trap: reason=class_check action=maybe_recompile pc=0x000002142b7a7e00 method=java.awt.CardLayout.layoutContainer(Ljava/awt/Container;)V @ 8 c2
Event: 8878.296 Thread 0x0000021441c1b000 Uncommon trap: reason=class_check action=maybe_recompile pc=0x000002142b7a7e00 method=java.awt.CardLayout.layoutContainer(Ljava/awt/Container;)V @ 8 c2

Classes redefined (0 events):
No events

Internal exceptions (10 events):
Event: 8857.056 Thread 0x0000021441c1b000 Exception <a 'java/io/FileNotFoundException'{0x000000074f5dc788}> (0x000000074f5dc788) thrown at [t:/workspace/open/src/hotspot/share/prims/jni.cpp, line 615]
Event: 8857.057 Thread 0x0000021441c1b000 Exception <a 'java/io/FileNotFoundException'{0x000000074f5dd488}> (0x000000074f5dd488) thrown at [t:/workspace/open/src/hotspot/share/prims/jni.cpp, line 615]
Event: 8862.058 Thread 0x0000021441c1b000 Exception <a 'java/io/FileNotFoundException'{0x000000074f08b110}> (0x000000074f08b110) thrown at [t:/workspace/open/src/hotspot/share/prims/jni.cpp, line 615]
Event: 8862.058 Thread 0x0000021441c1b000 Exception <a 'java/io/FileNotFoundException'{0x000000074f08be10}> (0x000000074f08be10) thrown at [t:/workspace/open/src/hotspot/share/prims/jni.cpp, line 615]
Event: 8867.059 Thread 0x0000021441c1b000 Exception <a 'java/io/FileNotFoundException'{0x000000074eb54fc8}> (0x000000074eb54fc8) thrown at [t:/workspace/open/src/hotspot/share/prims/jni.cpp, line 615]
Event: 8867.059 Thread 0x0000021441c1b000 Exception <a 'java/io/FileNotFoundException'{0x000000074eb55cc8}> (0x000000074eb55cc8) thrown at [t:/workspace/open/src/hotspot/share/prims/jni.cpp, line 615]
Event: 8872.060 Thread 0x0000021441c1b000 Exception <a 'java/io/FileNotFoundException'{0x0000000752042070}> (0x0000000752042070) thrown at [t:/workspace/open/src/hotspot/share/prims/jni.cpp, line 615]
Event: 8872.060 Thread 0x0000021441c1b000 Exception <a 'java/io/FileNotFoundException'{0x0000000752042d70}> (0x0000000752042d70) thrown at [t:/workspace/open/src/hotspot/share/prims/jni.cpp, line 615]
Event: 8877.060 Thread 0x0000021441c1b000 Exception <a 'java/io/FileNotFoundException'{0x0000000751c631f0}> (0x0000000751c631f0) thrown at [t:/workspace/open/src/hotspot/share/prims/jni.cpp, line 615]
Event: 8877.061 Thread 0x0000021441c1b000 Exception <a 'java/io/FileNotFoundException'{0x0000000751c63ef0}> (0x0000000751c63ef0) thrown at [t:/workspace/open/src/hotspot/share/prims/jni.cpp, line 615]

Events (10 events):
Event: 8878.402 Thread 0x000002144d801000 Thread added: 0x000002144d801000
Event: 8878.407 Thread 0x000002144d801000 Thread exited: 0x000002144d801000
Event: 8879.426 Executing VM operation: G1CollectForAllocation
Event: 8879.431 Executing VM operation: G1CollectForAllocation done
Event: 8879.609 Executing VM operation: CGC_Operation
Event: 8879.637 Executing VM operation: CGC_Operation done
Event: 8879.649 Thread 0x000002144d801000 Thread added: 0x000002144d801000
Event: 8879.668 Thread 0x000002144d801000 Thread exited: 0x000002144d801000
Event: 8879.754 Executing VM operation: CGC_Operation
Event: 8879.755 Executing VM operation: CGC_Operation done


Dynamic libraries:
0x00007ff67b6d0000 - 0x00007ff67b6ff000 	C:\APPZ\Vivado\2020.2\bin\unwrapped\win64.o\vivado.exe
0x00007ffa15770000 - 0x00007ffa15965000 	C:\Windows\SYSTEM32\ntdll.dll
0x00007ffa15130000 - 0x00007ffa151ed000 	C:\Windows\System32\KERNEL32.DLL
0x00007ffa12fb0000 - 0x00007ffa13278000 	C:\Windows\System32\KERNELBASE.dll
0x00007ffa12eb0000 - 0x00007ffa12fb0000 	C:\Windows\System32\ucrtbase.dll
0x00007ffa0a670000 - 0x00007ffa0a683000 	C:\APPZ\Vivado\2020.2\lib\win64.o\libboost_signals.dll
0x00007ff9e31f0000 - 0x00007ff9e4367000 	C:\APPZ\Vivado\2020.2\lib\win64.o\librdi_common.dll
0x00007ffa09550000 - 0x00007ffa095f6000 	C:\Windows\SYSTEM32\MSVCP140.dll
0x00007ffa14f90000 - 0x00007ffa15130000 	C:\Windows\System32\USER32.dll
0x00007ffa13700000 - 0x00007ffa13722000 	C:\Windows\System32\win32u.dll
0x00007ffa0e850000 - 0x00007ffa0e866000 	C:\Windows\SYSTEM32\VCRUNTIME140.dll
0x00007ffa13b00000 - 0x00007ffa13b2a000 	C:\Windows\System32\GDI32.dll
0x00007ffa13540000 - 0x00007ffa1364b000 	C:\Windows\System32\gdi32full.dll
0x00007ffa13730000 - 0x00007ffa137cd000 	C:\Windows\System32\msvcp_win.dll
0x00007ffa155f0000 - 0x00007ffa1569c000 	C:\Windows\System32\ADVAPI32.dll
0x00007ffa15550000 - 0x00007ffa155ee000 	C:\Windows\System32\msvcrt.dll
0x00007ff9e9210000 - 0x00007ff9e957e000 	C:\APPZ\Vivado\2020.2\lib\win64.o\libCOIN-all.dll
0x00007ffa13910000 - 0x00007ffa139ab000 	C:\Windows\System32\sechost.dll
0x00007ffa13b90000 - 0x00007ffa13cbb000 	C:\Windows\System32\RPCRT4.dll
0x00007ffa14840000 - 0x00007ffa14f82000 	C:\Windows\System32\SHELL32.dll
0x00007ffa103b0000 - 0x00007ffa103c0000 	C:\APPZ\Vivado\2020.2\lib\win64.o\libboost_date_time.dll
0x00007ffa151f0000 - 0x00007ffa1525b000 	C:\Windows\System32\WS2_32.dll
0x00007ffa133e0000 - 0x00007ffa13407000 	C:\Windows\System32\bcrypt.dll
0x00007ffa0a2d0000 - 0x00007ffa0a2f2000 	C:\APPZ\Vivado\2020.2\lib\win64.o\libboost_filesystem.dll
0x00007ffa094d0000 - 0x00007ffa09543000 	C:\APPZ\Vivado\2020.2\lib\win64.o\libboost_program_options.dll
0x00007ffa0a2b0000 - 0x00007ffa0a2c8000 	C:\APPZ\Vivado\2020.2\lib\win64.o\librdi_commonmain.dll
0x00007ff9ebdd0000 - 0x00007ff9ebee1000 	C:\APPZ\Vivado\2020.2\lib\win64.o\libboost_regex.dll
0x00007ffa10390000 - 0x00007ffa10399000 	C:\APPZ\Vivado\2020.2\lib\win64.o\libboost_system.dll
0x00007ffa0b0b0000 - 0x00007ffa0b0bc000 	C:\APPZ\Vivado\2020.2\lib\win64.o\libboost_xilinx.dll
0x00007ffa0a170000 - 0x00007ffa0a18e000 	C:\APPZ\Vivado\2020.2\lib\win64.o\libboost_thread.dll
0x00007ff9f5700000 - 0x00007ff9f57a5000 	C:\APPZ\Vivado\2020.2\lib\win64.o\libhdxml.dll
0x00007ff9f74c0000 - 0x00007ff9f7542000 	C:\APPZ\Vivado\2020.2\lib\win64.o\libhdlpsolve.dll
0x00007ffa00030000 - 0x00007ffa00058000 	C:\APPZ\Vivado\2020.2\lib\win64.o\libisl_sysinfo.dll
0x00007ff9e23f0000 - 0x00007ff9e31e2600 	C:\APPZ\Vivado\2020.2\lib\win64.o\libisl_iostreams.dll
0x00007ff9f6e10000 - 0x00007ff9f6e75000 	C:\APPZ\Vivado\2020.2\lib\win64.o\liblmx6.0.dll
0x00007ffa094b0000 - 0x00007ffa094ca000 	C:\APPZ\Vivado\2020.2\lib\win64.o\pthreadVC2.dll
0x00007ff9e8840000 - 0x00007ff9e89d9000 	C:\APPZ\Vivado\2020.2\lib\win64.o\librdi_commonxillic.dll
0x00007ffa03160000 - 0x00007ffa0317c000 	C:\APPZ\Vivado\2020.2\lib\win64.o\librdiconfig.dll
0x00007ffa156d0000 - 0x00007ffa15725000 	C:\Windows\System32\SHLWAPI.dll
0x00007ffa00000000 - 0x00007ffa00021000 	C:\APPZ\Vivado\2020.2\lib\win64.o\librdizlib.dll
0x000000006fcb0000 - 0x000000006fddb000 	C:\APPZ\Vivado\2020.2\lib\win64.o\tcl85t.dll
0x0000000012000000 - 0x0000000012270000 	C:\APPZ\Vivado\2020.2\lib\win64.o\xerces-c_3_1.dll
0x00007ffa03fa0000 - 0x00007ffa03fb8000 	C:\Windows\SYSTEM32\NETAPI32.dll
0x00007ffa06990000 - 0x00007ffa06e6d000 	C:\Windows\SYSTEM32\WININET.dll
0x00007ffa0af30000 - 0x00007ffa0b03b000 	C:\Windows\SYSTEM32\WINHTTP.dll
0x00007ffa087e0000 - 0x00007ffa089ce000 	C:\Windows\SYSTEM32\urlmon.dll
0x00007ffa09bd0000 - 0x00007ffa09bd9000 	C:\Windows\SYSTEM32\WSOCK32.dll
0x00007ff9ded50000 - 0x00007ff9e0c67000 	C:\APPZ\Vivado\2020.2\lib\win64.o\gurobi90.dll
0x00007ff9ffe00000 - 0x00007ff9ffe27000 	C:\Windows\SYSTEM32\VCOMP140.DLL
0x00007ffa13280000 - 0x00007ffa133df000 	C:\Windows\System32\CRYPT32.dll
0x00007ffa13da0000 - 0x00007ffa13df6000 	C:\Windows\System32\WLDAP32.dll
0x00007ffa13900000 - 0x00007ffa13908000 	C:\Windows\System32\Normaliz.dll
0x00007ffa0a660000 - 0x00007ffa0a669000 	C:\APPZ\Vivado\2020.2\lib\win64.o\librdi_commonversion.dll
0x00007ffa0a2a0000 - 0x00007ffa0a2ac000 	C:\APPZ\Vivado\2020.2\lib\win64.o\libboost_chrono.dll
0x00007ffa02660000 - 0x00007ffa02676000 	C:\APPZ\Vivado\2020.2\lib\win64.o\libboost_iostreams.dll
0x00007ff9fdb30000 - 0x00007ff9fdb53000 	C:\APPZ\Vivado\2020.2\lib\win64.o\libisl_iosutils.dll
0x00007ff9e8560000 - 0x00007ff9e883b000 	C:\APPZ\Vivado\2020.2\lib\win64.o\libXil_lmgr11.dll
0x00007ffa13cc0000 - 0x00007ffa13d9a000 	C:\Windows\System32\COMDLG32.dll
0x00007ffa091c0000 - 0x00007ffa09470000 	C:\Windows\SYSTEM32\iertutil.dll
0x00007ffa14790000 - 0x00007ffa1483e000 	C:\Windows\System32\shcore.dll
0x00007ffa13fc0000 - 0x00007ffa14315000 	C:\Windows\System32\combase.dll
0x00007ffa122f0000 - 0x00007ffa122fc000 	C:\Windows\SYSTEM32\NETUTILS.DLL
0x00007ffa13ef0000 - 0x00007ffa13fbd000 	C:\Windows\System32\OLEAUT32.dll
0x00007ffa125c0000 - 0x00007ffa1262a000 	C:\Windows\SYSTEM32\MSWSOCK.DLL
0x00007ffa137d0000 - 0x00007ffa138fa000 	C:\Windows\System32\ole32.dll
0x00007ffa13410000 - 0x00007ffa13470000 	C:\Windows\System32\WINTRUST.dll
0x00007ffa0add0000 - 0x00007ffa0ae80000 	C:\Windows\WinSxS\amd64_microsoft.windows.common-controls_6595b64144ccf1df_5.82.19041.844_none_423537bff6b9828c\COMCTL32.dll
0x00007ffa0bde0000 - 0x00007ffa0bdfd000 	C:\Windows\SYSTEM32\dhcpcsvc.DLL
0x00007ffa13ad0000 - 0x00007ffa13b00000 	C:\Windows\System32\IMM32.DLL
0x00007ffa129d0000 - 0x00007ffa129e2000 	C:\Windows\SYSTEM32\MSASN1.dll
0x00007ffa117d0000 - 0x00007ffa117e2000 	C:\Windows\SYSTEM32\kernel.appcore.dll
0x00007ff9e7aa0000 - 0x00007ff9e7fc2000 	C:\APPZ\Vivado\2020.2\lib\win64.o\librdi_commontasks.dll
0x00007ff9e18c0000 - 0x00007ff9e23e3000 	C:\APPZ\Vivado\2020.2\tps\win64\jre11.0.2\bin\server\jvm.dll
0x00007ffa15540000 - 0x00007ffa15548000 	C:\Windows\System32\PSAPI.DLL
0x00007ff9e7490000 - 0x00007ff9e7765000 	C:\APPZ\Vivado\2020.2\lib\win64.o\librdi_sio.dll
0x00007ffa04240000 - 0x00007ffa0424a000 	C:\Windows\SYSTEM32\VERSION.dll
0x00007ffa02760000 - 0x00007ffa02787000 	C:\Windows\SYSTEM32\WINMM.dll
0x00007ffa122b0000 - 0x00007ffa122eb000 	C:\Windows\SYSTEM32\IPHLPAPI.DLL
0x00007ffa10cd0000 - 0x00007ffa11461000 	C:\Windows\SYSTEM32\windows.storage.dll
0x00007ffa12850000 - 0x00007ffa1287c000 	C:\Windows\SYSTEM32\Wldp.dll
0x00007ff9dc290000 - 0x00007ff9ded4e000 	C:\APPZ\Vivado\2020.2\lib\win64.o\librdi_tcltasks.dll
0x00007ff9e6d20000 - 0x00007ff9e71c6000 	C:\APPZ\Vivado\2020.2\lib\win64.o\librdi_bitstream.dll
0x00007ff9e6b60000 - 0x00007ff9e6d13000 	C:\APPZ\Vivado\2020.2\lib\win64.o\librdi_board.dll
0x00007ff9f2560000 - 0x00007ff9f25de000 	C:\APPZ\Vivado\2020.2\lib\win64.o\librdi_boarddep.dll
0x00007ff9eaf10000 - 0x00007ff9eb006000 	C:\APPZ\Vivado\2020.2\lib\win64.o\librdi_chipscope.dll
0x00007ff9e16d0000 - 0x00007ff9e18ba000 	C:\APPZ\Vivado\2020.2\lib\win64.o\librdi_chipscopeimpl.dll
0x00007ff9eac10000 - 0x00007ff9ead71000 	C:\APPZ\Vivado\2020.2\lib\win64.o\librdi_containers.dll
0x00007ff9d90b0000 - 0x00007ff9daedc000 	C:\APPZ\Vivado\2020.2\lib\win64.o\librdi_constraints.dll
0x00007ff9e0fb0000 - 0x00007ff9e16c8000 	C:\APPZ\Vivado\2020.2\lib\win64.o\librdi_coregenipxact.dll
0x00007ff9d6cf0000 - 0x00007ff9d90ad000 	C:\APPZ\Vivado\2020.2\lib\win64.o\librdi_coregen.dll
0x00007ff9d4f80000 - 0x00007ff9d6ce1000 	C:\APPZ\Vivado\2020.2\lib\win64.o\librdi_designutils.dll
0x00007ff9dbf20000 - 0x00007ff9dc288000 	C:\APPZ\Vivado\2020.2\lib\win64.o\librdi_dlyest.dll
0x00007ff9db8c0000 - 0x00007ff9dbf1d000 	C:\APPZ\Vivado\2020.2\lib\win64.o\librdi_drc.dll
0x00007ff9ef9e0000 - 0x00007ff9efa93000 	C:\APPZ\Vivado\2020.2\lib\win64.o\librdi_dsp.dll
0x00007ff9bc9a0000 - 0x00007ff9d4f7f000 	C:\APPZ\Vivado\2020.2\lib\win64.o\librdi_device.dll
0x00007ff9db340000 - 0x00007ff9db65d000 	C:\APPZ\Vivado\2020.2\lib\win64.o\librdi_guitools.dll
0x00007ff9f24f0000 - 0x00007ff9f255b000 	C:\APPZ\Vivado\2020.2\lib\win64.o\librdi_hdf.dll
0x00007ff9e0d30000 - 0x00007ff9e0fa7000 	C:\APPZ\Vivado\2020.2\lib\win64.o\librdi_hip_devdesign.dll
0x00007ff9e8410000 - 0x00007ff9e8557000 	C:\APPZ\Vivado\2020.2\lib\win64.o\librdi_hip_perf_analysis.dll
0x00007ff9bbc80000 - 0x00007ff9bc2cc000 	C:\APPZ\Vivado\2020.2\lib\win64.o\librdi_memdata.dll
0x00007ff9ba0a0000 - 0x00007ff9bbc74000 	C:\APPZ\Vivado\2020.2\lib\win64.o\librdi_implflow.dll
0x00007ff9ef670000 - 0x00007ff9ef6e2000 	C:\APPZ\Vivado\2020.2\lib\win64.o\librdi_memoryarray.dll
0x00007ff9b7520000 - 0x00007ff9b7c4c000 	C:\APPZ\Vivado\2020.2\lib\win64.o\librdi_netlist.dll
0x00007ff9ef610000 - 0x00007ff9ef664000 	C:\APPZ\Vivado\2020.2\lib\win64.o\librdi_pfi.dll
0x00007ff9b7c50000 - 0x00007ff9ba094000 	C:\APPZ\Vivado\2020.2\lib\win64.o\librdi_mig.dll
0x00007ff9b3f70000 - 0x00007ff9b430e000 	C:\APPZ\Vivado\2020.2\lib\win64.o\librdi_platform.dll
0x00007ff9b4310000 - 0x00007ff9b7517000 	C:\APPZ\Vivado\2020.2\lib\win64.o\librdi_place.dll
0x00007ff9b3750000 - 0x00007ff9b3f67000 	C:\APPZ\Vivado\2020.2\lib\win64.o\librdi_power.dll
0x00007ff9bc2d0000 - 0x00007ff9bc992000 	C:\APPZ\Vivado\2020.2\lib\win64.o\librdi_filemgmt.dll
0x00007ff9b3020000 - 0x00007ff9b3742000 	C:\APPZ\Vivado\2020.2\lib\win64.o\librdi_psta.dll
0x00007ff9b2810000 - 0x00007ff9b301c000 	C:\APPZ\Vivado\2020.2\lib\win64.o\librdi_rsb.dll
0x00007ff9b22e0000 - 0x00007ff9b280b000 	C:\APPZ\Vivado\2020.2\lib\win64.o\librdi_runs.dll
0x00007ff9e72d0000 - 0x00007ff9e73d9000 	C:\APPZ\Vivado\2020.2\lib\win64.o\librdi_runsbase.dll
0x00007ff9db0c0000 - 0x00007ff9db334000 	C:\APPZ\Vivado\2020.2\lib\win64.o\librdi_simdata.dll
0x00007ff9db7a0000 - 0x00007ff9db8b6000 	C:\APPZ\Vivado\2020.2\lib\win64.o\librdi_xhub.dll
0x00007ff9b1350000 - 0x00007ff9b22d1000 	C:\APPZ\Vivado\2020.2\lib\win64.o\librdi_timing.dll
0x00007ff9e97e0000 - 0x00007ff9e9887000 	C:\APPZ\Vivado\2020.2\lib\win64.o\librdi_xhubtasks.dll
0x00007ff9b1160000 - 0x00007ff9b134b000 	C:\APPZ\Vivado\2020.2\lib\win64.o\librdi_advchipscopeimpl.dll
0x00007ff9fb480000 - 0x00007ff9fb4c7000 	C:\APPZ\Vivado\2020.2\lib\win64.o\libboost_serialization.dll
0x00007ff9b1070000 - 0x00007ff9b115b000 	C:\APPZ\Vivado\2020.2\lib\win64.o\librdi_ipconfig_readwrite.dll
0x00007ff9e91a0000 - 0x00007ff9e920a000 	C:\APPZ\Vivado\2020.2\lib\win64.o\librdi_noc_frameworks.dll
0x00007ff9f8bd0000 - 0x00007ff9f8c16000 	C:\APPZ\Vivado\2020.2\lib\win64.o\libboost_graph.dll
0x00007ff9daff0000 - 0x00007ff9db0b6000 	C:\APPZ\Vivado\2020.2\lib\win64.o\librdi_bda.dll
0x00007ff9b0900000 - 0x00007ff9b1067000 	C:\APPZ\Vivado\2020.2\lib\win64.o\librdi_ippcw.dll
0x00007ff9afda0000 - 0x00007ff9b08f6000 	C:\APPZ\Vivado\2020.2\lib\win64.o\libverific.dll
0x00007ff9afaa0000 - 0x00007ff9afd9b000 	C:\APPZ\Vivado\2020.2\lib\win64.o\librdi_hip_config.dll
0x00007ff9af550000 - 0x00007ff9afa9e000 	C:\APPZ\Vivado\2020.2\lib\win64.o\librdi_xdm.dll
0x00007ff9e7240000 - 0x00007ff9e72cd000 	C:\APPZ\Vivado\2020.2\lib\win64.o\treelite_runtime.dll

dbghelp: loaded successfully - version: 4.0.5 - missing functions: none
symbol engine: initialized successfully - sym options: 0x614 - pdb path: .;C:\APPZ\Vivado\2020.2\bin\unwrapped\win64.o;C:\Windows\SYSTEM32;C:\APPZ\Vivado\2020.2\lib\win64.o;C:\Windows\WinSxS\amd64_microsoft.windows.common-controls_6595b64144ccf1df_5.82.19041.844_none_423537bff6b9828c;C:\APPZ\Vivado\2020.2\tps\win64\jre11.0.2\bin\server;C:\APPZ\Vivado\2020.2\tps\win64\python-3.8.3;C:\APPZ\Vivado\2020.2\tps\win64\jre11.0.2\bin;C:\Windows\WinSxS\amd64_microsoft.windows.common-controls_6595b64144ccf1df_6.0.19041.844_none_ca00b6081b84eb1d

VM Arguments:
jvm_args: -Dsun.java2d.pmoffscreen=false -Dhttps.protocols=TLSv1,TLSv1.1,TLSv1.2 -Dsun.java2d.xrender=false -Dsun.java2d.d3d=false -Dsun.awt.nopixfmt=true -Dsun.java2d.dpiaware=true -Dsun.java2d.uiScale.enabled=false -Xverify:none -Dswing.aatext=true -XX:-UsePerfData -Djdk.map.althashing.threshold=512 -XX:StringTableSize=4072 --add-opens=java.base/java.nio=ALL-UNNAMED --add-opens=java.desktop/sun.swing=ALL-UNNAMED --add-opens=java.desktop/javax.swing=ALL-UNNAMED --add-opens=java.desktop/javax.swing.tree=ALL-UNNAMED --add-opens=java.desktop/javax.swing.plaf.basic=ALL-UNNAMED --add-opens=java.desktop/javax.swing.plaf.synth=ALL-UNNAMED --add-opens=java.desktop/com.sun.awt=ALL-UNNAMED -XX:NewSize=60m -XX:MaxNewSize=60m -Xms128m -Xmx3072m -Xss5m 
java_command: <unknown>
java_class_path (initial): C:/APPZ/Vivado/2020.2\lib\classes\alloy.jar;C:/APPZ/Vivado/2020.2\lib\classes\ArchiveSummary.jar;C:/APPZ/Vivado/2020.2\lib\classes\autoesl-models.jar;C:/APPZ/Vivado/2020.2\lib\classes\autopilot.scelaborator.jar;C:/APPZ/Vivado/2020.2\lib\classes\autopilot.sourceprocessor.jar;C:/APPZ/Vivado/2020.2\lib\classes\autopilot.tbprocessor.jar;C:/APPZ/Vivado/2020.2\lib\classes\batik-anim.jar;C:/APPZ/Vivado/2020.2\lib\classes\batik-awt-util.jar;C:/APPZ/Vivado/2020.2\lib\classes\batik-bridge.jar;C:/APPZ/Vivado/2020.2\lib\classes\batik-codec.jar;C:/APPZ/Vivado/2020.2\lib\classes\batik-css.jar;C:/APPZ/Vivado/2020.2\lib\classes\batik-dom.jar;C:/APPZ/Vivado/2020.2\lib\classes\batik-ext.jar;C:/APPZ/Vivado/2020.2\lib\classes\batik-gui-util.jar;C:/APPZ/Vivado/2020.2\lib\classes\batik-gvt.jar;C:/APPZ/Vivado/2020.2\lib\classes\batik-parser.jar;C:/APPZ/Vivado/2020.2\lib\classes\batik-script.jar;C:/APPZ/Vivado/2020.2\lib\classes\batik-svg-dom.jar;C:/APPZ/Vivado/2020.2\lib\classes\batik-swing.jar;C:/APPZ/Vivado/2020.2\lib\classes\batik-transcoder.jar;C:/APPZ/Vivado/2020.2\lib\classes\batik-util.jar;C:/APPZ/Vivado/2020.2\lib\classes\batik-xml.jar;C:/APPZ/Vivado/2020.2\lib\classes\com.google.gson_2.8.2.v20180104-1110.jar;C:/APPZ/Vivado/2020.2\lib\classes\com.google.guava_27.1.0.v20190517-1946.jar;C:/APPZ/Vivado/2020.2\lib\classes\com.ibm.icu_4.4.2.v20110208.jar;C:/APPZ/Vivado/2020.2\lib\classes\com.sigasi.hdt.connection_4.9.0.202009050929.jar;C:/APPZ/Vivado/2020.2\lib\classes\com.sigasi.hdt.epl_4.9.0.202009050929.jar;C:/APPZ/Vivado/2020.2\lib\classes\com.sigasi.hdt.project_4.9.0.202009050929.jar;C:/APPZ/Vivado/2020.2\lib\classes\com.sigasi.hdt.readonlyfilesystem_4.9.0.202009050929.jar;C:/APPZ/Vivado/2020.2\lib\classes\com.sigasi.lcm_4.9.0.202009050929.jar;C:/APPZ/Vivado/2020.2\lib\classes\com.sigasi.sdk.client_4.9.0.202009050929.jar;C:/APPZ/Vivado/2020.2\lib\classes\com.xilinx.hls.services.jar;C:/APPZ/Vivado/2020.2\lib\classes\commons-collections4-4.1.jar;C:/APPZ/
Launcher Type: generic

[Global flags]
     bool BytecodeVerificationLocal                = false                                     {product} {command line}
     bool BytecodeVerificationRemote               = false                                     {product} {command line}
     intx CICompilerCount                          = 2                                         {product} {ergonomic}
     uint ConcGCThreads                            = 1                                         {product} {ergonomic}
     uint G1ConcRefinementThreads                  = 2                                         {product} {ergonomic}
   size_t G1HeapRegionSize                         = 1048576                                   {product} {ergonomic}
    uintx GCDrainStackTargetSize                   = 64                                        {product} {ergonomic}
   size_t InitialHeapSize                          = 134217728                                 {product} {command line}
   size_t MarkStackSize                            = 4194304                                   {product} {ergonomic}
   size_t MaxHeapSize                              = 3221225472                                {product} {command line}
   size_t MaxNewSize                               = 62914560                                  {product} {command line}
   size_t MinHeapDeltaBytes                        = 1048576                                   {product} {ergonomic}
   size_t NewSize                                  = 62914560                                  {product} {command line}
    uintx NonNMethodCodeHeapSize                   = 5824844                                {pd product} {ergonomic}
    uintx NonProfiledCodeHeapSize                  = 122916698                              {pd product} {ergonomic}
    uintx ProfiledCodeHeapSize                     = 122916698                              {pd product} {ergonomic}
    uintx ReservedCodeCacheSize                    = 251658240                              {pd product} {ergonomic}
     bool SegmentedCodeCache                       = true                                      {product} {ergonomic}
    uintx StringTableSize                          = 4072                                      {product} {command line}
     intx ThreadStackSize                          = 5120                                   {pd product} {command line}
     bool UseCompressedClassPointers               = true                                 {lp64_product} {ergonomic}
     bool UseCompressedOops                        = true                                 {lp64_product} {ergonomic}
     bool UseG1GC                                  = true                                      {product} {ergonomic}
     bool UseLargePagesIndividualAllocation        = false                                  {pd product} {ergonomic}
     bool UsePerfData                              = false                                     {product} {command line}

Logging:
Log output configuration:
 #0: stdout all=warning uptime,level,tags
 #1: stderr all=off uptime,level,tags

Environment Variables:
PATH=C:/APPZ/Vivado/2020.2/bin;C:/APPZ/Vivado/2020.2/tps/win64/javafx-sdk-11.0.2/lib;C:/APPZ/Vivado/2020.2/tps/win64/javafx-sdk-11.0.2/bin;C:/APPZ/Vivado/2020.2/lib/win64.o;C:/APPZ/Vivado/2020.2/tps/win64/jre11.0.2/bin/server;C:/APPZ/Vivado/2020.2/tps/win64/jre11.0.2/bin;C:/APPZ/Vivado/2020.2/ids_lite/ISE/bin/nt64;C:/APPZ/Vivado/2020.2/ids_lite/ISE/lib/nt64;C:/APPZ/Vitis_HLS/2020.2/bin;C:\Program Files (x86)\Parallels\Parallels Tools\Applications;C:\Windows\system32;C:\Windows;C:\Windows\System32\Wbem;C:\Windows\System32\WindowsPowerShell\v1.0\;C:\Windows\System32\OpenSSH\;C:\Users\krystufek\AppData\Local\Microsoft\WindowsApps;;C:/APPZ/Vivado/2020.2\tps\mingw\6.2.0\win64.o\nt\bin;C:/APPZ/Vivado/2020.2\tps\mingw\6.2.0\win64.o\nt\libexec\gcc\x86_64-w64-mingw32\6.2.0;C:/APPZ/Vivado/2020.2\tps\win64\python-3.8.3;C:/APPZ/Vivado/2020.2\tps\win64\python-3.8.3\bin;C:/APPZ/Vivado/2020.2\tps\win64\python-3.8.3\lib;C:/APPZ/Vivado/2020.2\tps\win64\python-3.8.3\lib\site-packages
USERNAME=krystufek
OS=Windows_NT
PROCESSOR_IDENTIFIER=Intel64 Family 6 Model 158 Stepping 10, GenuineIntel



---------------  S Y S T E M  ---------------

OS: Windows 10 , 64 bit Build 19041 (10.0.19041.928)

CPU:total 2 (initial active 2) (2 cores per cpu, 1 threads per core) family 6 model 158 stepping 10, cmov, cx8, fxsr, mmx, sse, sse2, sse3, ssse3, sse4.1, sse4.2, popcnt, avx, avx2, aes, clmul, erms, 3dnowpref, lzcnt, tsc, bmi1, bmi2, adx, fma

Memory: 4k page, system-wide physical 4073M (1199M free)
TotalPageFile size 5289M (AvailPageFile size 1797M)
current process WorkingSet (physical memory assigned to process): 668M, peak: 1022M
current process commit charge ("private bytes"): 957M, peak: 1018M

vm_info: OpenJDK 64-Bit Server VM (11.0.2+9) for windows-amd64 JRE (11.0.2+9), built on Jan 18 2019 05:23:22 by "mach5one" with MS VC++ 15.5 (VS2017)

END.
